[2022-12-01T22:20:22.594Z] [main] [INFO] Scanning for projects...
[2022-12-01T22:20:24.990Z] [main] [INFO] ------------------------------------------------------------------------
[2022-12-01T22:20:24.991Z] [main] [INFO] Reactor Build Order:
[2022-12-01T22:20:24.991Z] [main] [INFO] 
[2022-12-01T22:20:24.995Z] [main] [INFO] Guava Maven Parent                                                 [pom]
[2022-12-01T22:20:24.996Z] [main] [INFO] Guava: Google Core Libraries for Java                           [bundle]
[2022-12-01T22:20:24.996Z] [main] [INFO] Guava BOM                                                          [pom]
[2022-12-01T22:20:24.997Z] [main] [INFO] Guava Testing Library                                              [jar]
[2022-12-01T22:20:24.997Z] [main] [INFO] Guava Unit Tests                                                   [jar]
[2022-12-01T22:20:24.997Z] [main] [INFO] Guava GWT compatible libs                                          [jar]
[2022-12-01T22:20:25.009Z] [main] [INFO] 
[2022-12-01T22:20:25.010Z] [main] [INFO] -------------------< com.google.guava:guava-parent >--------------------
[2022-12-01T22:20:25.010Z] [main] [INFO] Building Guava Maven Parent HEAD-jre-SNAPSHOT                      [1/6]
[2022-12-01T22:20:25.010Z] [main] [INFO] --------------------------------[ pom ]---------------------------------
[2022-12-01T22:20:25.197Z] [main] [INFO] 
[2022-12-01T22:20:25.197Z] [main] [INFO] --- maven-clean-plugin:2.5:clean (default-clean) @ guava-parent ---
[2022-12-01T22:20:25.304Z] [main] [INFO] 
[2022-12-01T22:20:25.305Z] [main] [INFO] --- maven-enforcer-plugin:3.0.0-M3:enforce (enforce-versions) @ guava-parent ---
[2022-12-01T22:20:26.047Z] [main] [INFO] 
[2022-12-01T22:20:26.047Z] [main] [INFO] --- maven-javadoc-plugin:3.4.1:jar (attach-docs) @ guava-parent ---
[2022-12-01T22:20:28.492Z] [main] [INFO] Not executing Javadoc as the project is not a Java classpath-capable package
[2022-12-01T22:20:28.494Z] [main] [INFO] 
[2022-12-01T22:20:28.495Z] [main] [INFO] --- maven-install-plugin:2.4:install (default-install) @ guava-parent ---
[2022-12-01T22:20:28.651Z] [main] [INFO] Installing /Users/Stefan/git/guava/pom.xml to /Users/Stefan/.m2/repository/com/google/guava/guava-parent/HEAD-jre-SNAPSHOT/guava-parent-HEAD-jre-SNAPSHOT.pom
[2022-12-01T22:20:28.716Z] [main] [INFO] 
[2022-12-01T22:20:28.716Z] [main] [INFO] -----------------------< com.google.guava:guava >-----------------------
[2022-12-01T22:20:28.717Z] [main] [INFO] Building Guava: Google Core Libraries for Java HEAD-jre-SNAPSHOT   [2/6]
[2022-12-01T22:20:28.717Z] [main] [INFO] -------------------------------[ bundle ]-------------------------------
[2022-12-01T22:20:29.065Z] [main] [INFO] 
[2022-12-01T22:20:29.066Z] [main] [INFO] --- maven-clean-plugin:2.5:clean (default-clean) @ guava ---
[2022-12-01T22:20:29.100Z] [main] [INFO] Deleting /Users/Stefan/git/guava/guava/target
[2022-12-01T22:20:39.651Z] [main] [INFO] 
[2022-12-01T22:20:39.654Z] [main] [INFO] --- maven-enforcer-plugin:3.0.0-M3:enforce (enforce-versions) @ guava ---
[2022-12-01T22:20:39.826Z] [main] [INFO] 
[2022-12-01T22:20:39.826Z] [main] [INFO] --- maven-dependency-plugin:3.1.1:unpack-dependencies (unpack-jdk-sources) @ guava ---
[2022-12-01T22:20:41.166Z] [main] [INFO] Unpacking /Library/Java/JavaVirtualMachines/jdk-14.0.1.jdk/Contents/Home/lib/src.zip to /Users/Stefan/git/guava/guava/target/jdk-sources with includes "" and excludes "**/module-info.java,**/java/io/FileDescriptor.java"
[2022-12-01T22:21:04.978Z] [main] [INFO] 
[2022-12-01T22:21:04.981Z] [main] [INFO] --- maven-resources-plugin:3.3.0:resources (default-resources) @ guava ---
[2022-12-01T22:21:05.216Z] [main] [INFO] Copying 0 resource
[2022-12-01T22:21:05.217Z] [main] [INFO] 
[2022-12-01T22:21:05.217Z] [main] [INFO] --- maven-compiler-plugin:3.8.1:compile (default-compile) @ guava ---
[2022-12-01T22:21:06.031Z] [main] [INFO] Changes detected - recompiling the module!
[2022-12-01T22:21:06.097Z] [main] [INFO] Compiling 619 source files to /Users/Stefan/git/guava/guava/target/classes
[2022-12-01T22:21:31.255Z] [main] [WARNING] /Users/Stefan/git/guava/guava/src/com/google/common/primitives/UnsignedBytes.java:[29,15] Unsafe is internal proprietary API and may be removed in a future release
[2022-12-01T22:21:31.256Z] [main] [WARNING] /Users/Stefan/git/guava/guava/src/com/google/common/hash/LittleEndianByteArray.java:[23,15] Unsafe is internal proprietary API and may be removed in a future release
[2022-12-01T22:21:31.256Z] [main] [WARNING] /Users/Stefan/git/guava/guava/src/com/google/common/primitives/UnsignedBytes.java:[317,19] Unsafe is internal proprietary API and may be removed in a future release
[2022-12-01T22:21:31.256Z] [main] [WARNING] /Users/Stefan/git/guava/guava/src/com/google/common/primitives/UnsignedBytes.java:[339,29] Unsafe is internal proprietary API and may be removed in a future release
[2022-12-01T22:21:31.256Z] [main] [WARNING] /Users/Stefan/git/guava/guava/src/com/google/common/primitives/UnsignedBytes.java:[341,25] Unsafe is internal proprietary API and may be removed in a future release
[2022-12-01T22:21:31.257Z] [main] [WARNING] /Users/Stefan/git/guava/guava/src/com/google/common/primitives/UnsignedBytes.java:[347,66] Unsafe is internal proprietary API and may be removed in a future release
[2022-12-01T22:21:31.257Z] [main] [WARNING] /Users/Stefan/git/guava/guava/src/com/google/common/primitives/UnsignedBytes.java:[349,31] Unsafe is internal proprietary API and may be removed in a future release
[2022-12-01T22:21:31.257Z] [main] [WARNING] /Users/Stefan/git/guava/guava/src/com/google/common/primitives/UnsignedBytes.java:[350,32] Unsafe is internal proprietary API and may be removed in a future release
[2022-12-01T22:21:31.257Z] [main] [WARNING] /Users/Stefan/git/guava/guava/src/com/google/common/primitives/UnsignedBytes.java:[350,53] Unsafe is internal proprietary API and may be removed in a future release
[2022-12-01T22:21:31.257Z] [main] [WARNING] /Users/Stefan/git/guava/guava/src/com/google/common/util/concurrent/AbstractFuture.java:[1333,25] Unsafe is internal proprietary API and may be removed in a future release
[2022-12-01T22:21:31.258Z] [main] [WARNING] /Users/Stefan/git/guava/guava/src/com/google/common/util/concurrent/AbstractFuture.java:[1341,14] Unsafe is internal proprietary API and may be removed in a future release
[2022-12-01T22:21:31.258Z] [main] [WARNING] /Users/Stefan/git/guava/guava/src/com/google/common/util/concurrent/AbstractFuture.java:[1343,25] Unsafe is internal proprietary API and may be removed in a future release
[2022-12-01T22:21:31.258Z] [main] [WARNING] /Users/Stefan/git/guava/guava/src/com/google/common/util/concurrent/AbstractFuture.java:[1348,56] Unsafe is internal proprietary API and may be removed in a future release
[2022-12-01T22:21:31.258Z] [main] [WARNING] /Users/Stefan/git/guava/guava/src/com/google/common/util/concurrent/AbstractFuture.java:[1350,35] Unsafe is internal proprietary API and may be removed in a future release
[2022-12-01T22:21:31.259Z] [main] [WARNING] /Users/Stefan/git/guava/guava/src/com/google/common/util/concurrent/AbstractFuture.java:[1351,36] Unsafe is internal proprietary API and may be removed in a future release
[2022-12-01T22:21:31.259Z] [main] [WARNING] /Users/Stefan/git/guava/guava/src/com/google/common/util/concurrent/AbstractFuture.java:[1351,57] Unsafe is internal proprietary API and may be removed in a future release
[2022-12-01T22:21:31.259Z] [main] [WARNING] /Users/Stefan/git/guava/guava/src/com/google/common/hash/LittleEndianByteArray.java:[161,25] Unsafe is internal proprietary API and may be removed in a future release
[2022-12-01T22:21:31.259Z] [main] [WARNING] /Users/Stefan/git/guava/guava/src/com/google/common/hash/LittleEndianByteArray.java:[172,19] Unsafe is internal proprietary API and may be removed in a future release
[2022-12-01T22:21:31.259Z] [main] [WARNING] /Users/Stefan/git/guava/guava/src/com/google/common/hash/LittleEndianByteArray.java:[174,15] Unsafe is internal proprietary API and may be removed in a future release
[2022-12-01T22:21:31.260Z] [main] [WARNING] /Users/Stefan/git/guava/guava/src/com/google/common/hash/LittleEndianByteArray.java:[180,39] Unsafe is internal proprietary API and may be removed in a future release
[2022-12-01T22:21:31.260Z] [main] [WARNING] /Users/Stefan/git/guava/guava/src/com/google/common/hash/LittleEndianByteArray.java:[182,24] Unsafe is internal proprietary API and may be removed in a future release
[2022-12-01T22:21:31.260Z] [main] [WARNING] /Users/Stefan/git/guava/guava/src/com/google/common/hash/LittleEndianByteArray.java:[182,36] Unsafe is internal proprietary API and may be removed in a future release
[2022-12-01T22:21:31.260Z] [main] [WARNING] /Users/Stefan/git/guava/guava/src/com/google/common/cache/Striped64.java:[111,33] Unsafe is internal proprietary API and may be removed in a future release
[2022-12-01T22:21:31.260Z] [main] [WARNING] /Users/Stefan/git/guava/guava/src/com/google/common/cache/Striped64.java:[269,31] Unsafe is internal proprietary API and may be removed in a future release
[2022-12-01T22:21:31.261Z] [main] [WARNING] /Users/Stefan/git/guava/guava/src/com/google/common/cache/Striped64.java:[290,25] Unsafe is internal proprietary API and may be removed in a future release
[2022-12-01T22:21:31.261Z] [main] [WARNING] /Users/Stefan/git/guava/guava/src/com/google/common/cache/Striped64.java:[292,21] Unsafe is internal proprietary API and may be removed in a future release
[2022-12-01T22:21:31.261Z] [main] [WARNING] /Users/Stefan/git/guava/guava/src/com/google/common/cache/Striped64.java:[297,62] Unsafe is internal proprietary API and may be removed in a future release
[2022-12-01T22:21:31.261Z] [main] [WARNING] /Users/Stefan/git/guava/guava/src/com/google/common/cache/Striped64.java:[299,27] Unsafe is internal proprietary API and may be removed in a future release
[2022-12-01T22:21:31.261Z] [main] [WARNING] /Users/Stefan/git/guava/guava/src/com/google/common/cache/Striped64.java:[300,28] Unsafe is internal proprietary API and may be removed in a future release
[2022-12-01T22:21:31.262Z] [main] [WARNING] /Users/Stefan/git/guava/guava/src/com/google/common/cache/Striped64.java:[300,49] Unsafe is internal proprietary API and may be removed in a future release
[2022-12-01T22:21:31.262Z] [main] [WARNING] /Users/Stefan/git/guava/guava/src/com/google/common/hash/Striped64.java:[111,33] Unsafe is internal proprietary API and may be removed in a future release
[2022-12-01T22:21:31.262Z] [main] [WARNING] /Users/Stefan/git/guava/guava/src/com/google/common/hash/Striped64.java:[269,31] Unsafe is internal proprietary API and may be removed in a future release
[2022-12-01T22:21:31.262Z] [main] [WARNING] /Users/Stefan/git/guava/guava/src/com/google/common/hash/Striped64.java:[290,25] Unsafe is internal proprietary API and may be removed in a future release
[2022-12-01T22:21:31.262Z] [main] [WARNING] /Users/Stefan/git/guava/guava/src/com/google/common/hash/Striped64.java:[292,21] Unsafe is internal proprietary API and may be removed in a future release
[2022-12-01T22:21:31.262Z] [main] [WARNING] /Users/Stefan/git/guava/guava/src/com/google/common/hash/Striped64.java:[297,62] Unsafe is internal proprietary API and may be removed in a future release
[2022-12-01T22:21:31.262Z] [main] [WARNING] /Users/Stefan/git/guava/guava/src/com/google/common/hash/Striped64.java:[299,27] Unsafe is internal proprietary API and may be removed in a future release
[2022-12-01T22:21:31.262Z] [main] [WARNING] /Users/Stefan/git/guava/guava/src/com/google/common/hash/Striped64.java:[300,28] Unsafe is internal proprietary API and may be removed in a future release
[2022-12-01T22:21:31.263Z] [main] [WARNING] /Users/Stefan/git/guava/guava/src/com/google/common/hash/Striped64.java:[300,49] Unsafe is internal proprietary API and may be removed in a future release
[2022-12-01T22:21:31.263Z] [main] [INFO] 
[2022-12-01T22:21:31.263Z] [main] [INFO] --- maven-bundle-plugin:2.5.0:manifest (bundle-manifest) @ guava ---
[2022-12-01T22:21:38.868Z] [main] [INFO] 
[2022-12-01T22:21:38.868Z] [main] [INFO] --- maven-resources-plugin:3.3.0:testResources (default-testResources) @ guava ---
[2022-12-01T22:21:38.873Z] [main] [INFO] skip non existing resourceDirectory /Users/Stefan/git/guava/guava/test
[2022-12-01T22:21:38.874Z] [main] [INFO] 
[2022-12-01T22:21:38.875Z] [main] [INFO] --- maven-compiler-plugin:3.8.1:testCompile (default-testCompile) @ guava ---
[2022-12-01T22:21:38.883Z] [main] [INFO] No sources to compile
[2022-12-01T22:21:38.883Z] [main] [INFO] 
[2022-12-01T22:21:38.884Z] [main] [INFO] --- maven-surefire-plugin:2.7.2:test (default-test) @ guava ---
[2022-12-01T22:21:39.152Z] [main] [INFO] No tests to run.
[2022-12-01T22:21:39.161Z] [main] [INFO] Surefire report directory: /Users/Stefan/git/guava/guava/target/surefire-reports
Downloading from central: https://repo.maven.apache.org/maven2/org/apache/maven/surefire/surefire-junit3/2.7.2/surefire-junit3-2.7.2.pom
Progress (1): 1.7 kB                    Downloaded from central: https://repo.maven.apache.org/maven2/org/apache/maven/surefire/surefire-junit3/2.7.2/surefire-junit3-2.7.2.pom (1.7 kB at 1.3 kB/s)
Downloading from central: https://repo.maven.apache.org/maven2/org/apache/maven/surefire/surefire-providers/2.7.2/surefire-providers-2.7.2.pom
Progress (1): 1.8 kB                    Downloaded from central: https://repo.maven.apache.org/maven2/org/apache/maven/surefire/surefire-providers/2.7.2/surefire-providers-2.7.2.pom (1.8 kB at 33 kB/s)
Downloading from central: https://repo.maven.apache.org/maven2/org/apache/maven/surefire/surefire-junit3/2.7.2/surefire-junit3-2.7.2.jar
Progress (1): 2.7/26 kBProgress (1): 5.5/26 kBProgress (1): 8.2/26 kBProgress (1): 11/26 kB Progress (1): 14/26 kBProgress (1): 16/26 kBProgress (1): 19/26 kBProgress (1): 22/26 kBProgress (1): 25/26 kBProgress (1): 26 kB                      Downloaded from central: https://repo.maven.apache.org/maven2/org/apache/maven/surefire/surefire-junit3/2.7.2/surefire-junit3-2.7.2.jar (26 kB at 256 kB/s)

-------------------------------------------------------
 T E S T S
-------------------------------------------------------
There are no tests to run.

Results :

Tests run: 0, Failures: 0, Errors: 0, Skipped: 0

[2022-12-01T22:21:42.759Z] [main] [INFO] 
[2022-12-01T22:21:42.759Z] [main] [INFO] --- animal-sniffer-maven-plugin:1.22:check (check-java-version-compatibility) @ guava ---
[2022-12-01T22:21:43.036Z] [main] [INFO] Checking unresolved references to org.codehaus.mojo.signature:java18:1.0
[2022-12-01T22:21:45.960Z] [main] [INFO] 
[2022-12-01T22:21:45.961Z] [main] [INFO] --- maven-bundle-plugin:2.5.0:bundle (default-bundle) @ guava ---
[2022-12-01T22:21:54.797Z] [main] [INFO] 
[2022-12-01T22:21:54.798Z] [main] [INFO] >>> maven-source-plugin:3.2.1:jar (attach-sources) > generate-sources @ guava >>>
[2022-12-01T22:21:54.799Z] [main] [INFO] 
[2022-12-01T22:21:54.799Z] [main] [INFO] --- maven-enforcer-plugin:3.0.0-M3:enforce (enforce-versions) @ guava ---
[2022-12-01T22:21:54.802Z] [main] [INFO] 
[2022-12-01T22:21:54.802Z] [main] [INFO] --- maven-dependency-plugin:3.1.1:unpack-dependencies (unpack-jdk-sources) @ guava ---
[2022-12-01T22:21:54.804Z] [main] [INFO] jdk:srczip:jar:999 already exists in destination.
[2022-12-01T22:21:54.806Z] [main] [INFO] 
[2022-12-01T22:21:54.806Z] [main] [INFO] <<< maven-source-plugin:3.2.1:jar (attach-sources) < generate-sources @ guava <<<
[2022-12-01T22:21:54.806Z] [main] [INFO] 
[2022-12-01T22:21:54.807Z] [main] [INFO] 
[2022-12-01T22:21:54.807Z] [main] [INFO] --- maven-source-plugin:3.2.1:jar (attach-sources) @ guava ---
[2022-12-01T22:21:55.629Z] [main] [INFO] Building jar: /Users/Stefan/git/guava/guava/target/guava-HEAD-jre-SNAPSHOT-sources.jar
[2022-12-01T22:21:56.244Z] [main] [INFO] 
[2022-12-01T22:21:56.245Z] [main] [INFO] --- maven-javadoc-plugin:3.4.1:jar (attach-docs) @ guava ---
[2022-12-01T22:21:59.736Z] [main] [INFO] No previous run data found, generating javadoc.
[2022-12-01T22:22:32.590Z] [main] [INFO] 
1 warning
[2022-12-01T22:22:32.594Z] [main] [WARNING] Javadoc Warnings
[2022-12-01T22:22:32.594Z] [main] [WARNING] javadoc: warning - URL https://docs.oracle.com/javase/9/docs/api/element-list was redirected to https://docs.oracle.com/en/java/javase/19/ -- Update the command-line options to suppress this warning.
[2022-12-01T22:22:32.862Z] [main] [INFO] Building jar: /Users/Stefan/git/guava/guava/target/guava-HEAD-jre-SNAPSHOT-javadoc.jar
[2022-12-01T22:22:34.138Z] [main] [INFO] 
[2022-12-01T22:22:34.138Z] [main] [INFO] --- maven-install-plugin:3.1.0:install (default-install) @ guava ---
[2022-12-01T22:22:34.213Z] [main] [INFO] Installing /Users/Stefan/git/guava/guava/pom.xml to /Users/Stefan/.m2/repository/com/google/guava/guava/HEAD-jre-SNAPSHOT/guava-HEAD-jre-SNAPSHOT.pom
[2022-12-01T22:22:34.222Z] [main] [INFO] Installing /Users/Stefan/git/guava/guava/target/guava-HEAD-jre-SNAPSHOT.jar to /Users/Stefan/.m2/repository/com/google/guava/guava/HEAD-jre-SNAPSHOT/guava-HEAD-jre-SNAPSHOT.jar
[2022-12-01T22:22:34.255Z] [main] [INFO] Installing /Users/Stefan/git/guava/guava/target/guava-HEAD-jre-SNAPSHOT-sources.jar to /Users/Stefan/.m2/repository/com/google/guava/guava/HEAD-jre-SNAPSHOT/guava-HEAD-jre-SNAPSHOT-sources.jar
[2022-12-01T22:22:34.284Z] [main] [INFO] Installing /Users/Stefan/git/guava/guava/target/guava-HEAD-jre-SNAPSHOT-javadoc.jar to /Users/Stefan/.m2/repository/com/google/guava/guava/HEAD-jre-SNAPSHOT/guava-HEAD-jre-SNAPSHOT-javadoc.jar
[2022-12-01T22:22:34.342Z] [main] [INFO] 
[2022-12-01T22:22:34.343Z] [main] [INFO] --- maven-bundle-plugin:2.5.0:install (default-install) @ guava ---
[2022-12-01T22:22:34.491Z] [main] [INFO] Installing com/google/guava/guava/HEAD-jre-SNAPSHOT/guava-HEAD-jre-SNAPSHOT.jar
[2022-12-01T22:22:34.501Z] [main] [INFO] Writing OBR metadata
[2022-12-01T22:22:34.540Z] [main] [INFO] 
[2022-12-01T22:22:34.541Z] [main] [INFO] ---------------------< com.google.guava:guava-bom >---------------------
[2022-12-01T22:22:34.541Z] [main] [INFO] Building Guava BOM HEAD-jre-SNAPSHOT                               [3/6]
[2022-12-01T22:22:34.541Z] [main] [INFO] --------------------------------[ pom ]---------------------------------
[2022-12-01T22:22:34.569Z] [main] [INFO] 
[2022-12-01T22:22:34.572Z] [main] [INFO] --- maven-clean-plugin:2.5:clean (default-clean) @ guava-bom ---
[2022-12-01T22:22:34.576Z] [main] [INFO] 
[2022-12-01T22:22:34.576Z] [main] [INFO] --- maven-enforcer-plugin:1.2:enforce (enforce-maven) @ guava-bom ---
[2022-12-01T22:22:34.905Z] [main] [INFO] 
[2022-12-01T22:22:34.905Z] [main] [INFO] --- maven-install-plugin:2.4:install (default-install) @ guava-bom ---
[2022-12-01T22:22:34.909Z] [main] [INFO] Installing /Users/Stefan/git/guava/guava-bom/pom.xml to /Users/Stefan/.m2/repository/com/google/guava/guava-bom/HEAD-jre-SNAPSHOT/guava-bom-HEAD-jre-SNAPSHOT.pom
[2022-12-01T22:22:34.924Z] [main] [INFO] 
[2022-12-01T22:22:34.925Z] [main] [INFO] -------------------< com.google.guava:guava-testlib >-------------------
[2022-12-01T22:22:34.925Z] [main] [INFO] Building Guava Testing Library HEAD-jre-SNAPSHOT                   [4/6]
[2022-12-01T22:22:34.925Z] [main] [INFO] --------------------------------[ jar ]---------------------------------
[2022-12-01T22:22:35.046Z] [main] [INFO] 
[2022-12-01T22:22:35.047Z] [main] [INFO] --- maven-clean-plugin:2.5:clean (default-clean) @ guava-testlib ---
[2022-12-01T22:22:35.048Z] [main] [INFO] Deleting /Users/Stefan/git/guava/guava-testlib/target
[2022-12-01T22:22:36.265Z] [main] [INFO] 
[2022-12-01T22:22:36.265Z] [main] [INFO] --- maven-enforcer-plugin:3.0.0-M3:enforce (enforce-versions) @ guava-testlib ---
[2022-12-01T22:22:36.266Z] [main] [INFO] 
[2022-12-01T22:22:36.266Z] [main] [INFO] --- maven-resources-plugin:2.6:resources (default-resources) @ guava-testlib ---
[2022-12-01T22:22:36.525Z] [main] [INFO] Using 'UTF-8' encoding to copy filtered resources.
[2022-12-01T22:22:36.575Z] [main] [INFO] Copying 0 resource
[2022-12-01T22:22:36.576Z] [main] [INFO] 
[2022-12-01T22:22:36.576Z] [main] [INFO] --- maven-compiler-plugin:3.8.1:compile (default-compile) @ guava-testlib ---
[2022-12-01T22:22:36.898Z] [main] [INFO] Changes detected - recompiling the module!
[2022-12-01T22:22:36.919Z] [main] [INFO] Compiling 292 source files to /Users/Stefan/git/guava/guava-testlib/target/classes
[2022-12-01T22:22:52.398Z] [main] [INFO] 
[2022-12-01T22:22:52.399Z] [main] [INFO] --- maven-resources-plugin:2.6:testResources (default-testResources) @ guava-testlib ---
[2022-12-01T22:22:52.401Z] [main] [INFO] Using 'UTF-8' encoding to copy filtered resources.
[2022-12-01T22:22:52.415Z] [main] [INFO] Copying 0 resource
[2022-12-01T22:22:52.415Z] [main] [INFO] 
[2022-12-01T22:22:52.415Z] [main] [INFO] --- maven-compiler-plugin:3.8.1:testCompile (default-testCompile) @ guava-testlib ---
[2022-12-01T22:22:52.445Z] [main] [INFO] Changes detected - recompiling the module!
[2022-12-01T22:22:52.446Z] [main] [INFO] Compiling 37 source files to /Users/Stefan/git/guava/guava-testlib/target/test-classes
[2022-12-01T22:23:00.626Z] [main] [INFO] 
[2022-12-01T22:23:00.627Z] [main] [INFO] --- maven-surefire-plugin:2.7.2:test (default-test) @ guava-testlib ---
[2022-12-01T22:23:00.726Z] [main] [INFO] Surefire report directory: /Users/Stefan/git/guava/guava-testlib/target/surefire-reports
Downloading from central: https://repo.maven.apache.org/maven2/org/apache/maven/surefire/surefire-junit4/2.7.2/surefire-junit4-2.7.2.pom
Progress (1): 2.2 kB                    Downloaded from central: https://repo.maven.apache.org/maven2/org/apache/maven/surefire/surefire-junit4/2.7.2/surefire-junit4-2.7.2.pom (2.2 kB at 9.4 kB/s)
Downloading from central: https://repo.maven.apache.org/maven2/org/apache/maven/surefire/surefire-junit4/2.7.2/surefire-junit4-2.7.2.jar
Progress (1): 2.7/25 kBProgress (1): 5.5/25 kBProgress (1): 8.2/25 kBProgress (1): 11/25 kB Progress (1): 14/25 kBProgress (1): 16/25 kBProgress (1): 19/25 kBProgress (1): 21/25 kBProgress (1): 24/25 kBProgress (1): 25 kB                      Downloaded from central: https://repo.maven.apache.org/maven2/org/apache/maven/surefire/surefire-junit4/2.7.2/surefire-junit4-2.7.2.jar (25 kB at 165 kB/s)

-------------------------------------------------------
 T E S T S
-------------------------------------------------------
Running com.google.common.collect.testing.FeatureSpecificTestSuiteBuilderTest
Tests run: 1, Failures: 0, Errors: 0, Skipped: 0, Time elapsed: 0.172 sec
Running com.google.common.collect.testing.HelpersTest
Tests run: 7, Failures: 0, Errors: 0, Skipped: 0, Time elapsed: 0.024 sec
Running com.google.common.collect.testing.IteratorTesterTest
Tests run: 12, Failures: 0, Errors: 0, Skipped: 0, Time elapsed: 0.069 sec
Running com.google.common.collect.testing.MapTestSuiteBuilderTests
Tests run: 3732, Failures: 0, Errors: 0, Skipped: 0, Time elapsed: 4.483 sec
Running com.google.common.collect.testing.MinimalCollectionTest
Tests run: 151, Failures: 0, Errors: 0, Skipped: 0, Time elapsed: 0.087 sec
Running com.google.common.collect.testing.MinimalIterableTest
Tests run: 4, Failures: 0, Errors: 0, Skipped: 0, Time elapsed: 0.002 sec
Running com.google.common.collect.testing.MinimalSetTest
Tests run: 187, Failures: 0, Errors: 0, Skipped: 0, Time elapsed: 0.147 sec
Running com.google.common.collect.testing.OpenJdk6ListTests
Tests run: 6831, Failures: 0, Errors: 0, Skipped: 0, Time elapsed: 14.552 sec
Running com.google.common.collect.testing.OpenJdk6MapTests
Tests run: 321081, Failures: 0, Errors: 0, Skipped: 0, Time elapsed: 102.664 sec
Running com.google.common.collect.testing.OpenJdk6QueueTests
Tests run: 2031, Failures: 0, Errors: 0, Skipped: 0, Time elapsed: 1.613 sec
Running com.google.common.collect.testing.OpenJdk6SetTests
Tests run: 36329, Failures: 0, Errors: 0, Skipped: 0, Time elapsed: 17.609 sec
Running com.google.common.collect.testing.OpenJdk6Tests
Tests run: 366272, Failures: 0, Errors: 0, Skipped: 0, Time elapsed: 112.889 sec
Running com.google.common.collect.testing.ReserializedSafeTreeMapMapInterfaceTest
Tests run: 59, Failures: 0, Errors: 0, Skipped: 0, Time elapsed: 0.038 sec
Running com.google.common.collect.testing.SafeTreeMapTest
Tests run: 117807, Failures: 0, Errors: 0, Skipped: 0, Time elapsed: 31.964 sec
Running com.google.common.collect.testing.SafeTreeSetTest
Tests run: 509, Failures: 0, Errors: 0, Skipped: 0, Time elapsed: 0.089 sec
Running com.google.common.collect.testing.features.FeatureEnumTest
Tests run: 1, Failures: 0, Errors: 0, Skipped: 0, Time elapsed: 0.003 sec
Running com.google.common.collect.testing.features.FeatureUtilTest
Tests run: 10, Failures: 0, Errors: 0, Skipped: 0, Time elapsed: 0.093 sec
Running com.google.common.testing.ArbitraryInstancesTest
Tests run: 25, Failures: 0, Errors: 0, Skipped: 0, Time elapsed: 0.266 sec
Running com.google.common.testing.ClassSanityTesterTest
Tests run: 71, Failures: 0, Errors: 0, Skipped: 0, Time elapsed: 0.262 sec
Running com.google.common.testing.EqualsTesterTest
Tests run: 19, Failures: 0, Errors: 0, Skipped: 0, Time elapsed: 0.006 sec
Running com.google.common.testing.EquivalenceTesterTest
Tests run: 7, Failures: 0, Errors: 0, Skipped: 0, Time elapsed: 0.014 sec
Running com.google.common.testing.FakeTickerTest
Tests run: 11, Failures: 0, Errors: 0, Skipped: 0, Time elapsed: 0.062 sec
Running com.google.common.testing.FreshValueGeneratorTest
Tests run: 64, Failures: 0, Errors: 0, Skipped: 0, Time elapsed: 0.783 sec
Running com.google.common.testing.GcFinalizationTest
Tests run: 10, Failures: 0, Errors: 0, Skipped: 0, Time elapsed: 0.609 sec
Running com.google.common.testing.NullPointerTesterTest
Tests run: 68, Failures: 0, Errors: 0, Skipped: 0, Time elapsed: 0.233 sec
Running com.google.common.testing.RelationshipTesterTest
Tests run: 1, Failures: 0, Errors: 0, Skipped: 0, Time elapsed: 0.004 sec
Running com.google.common.testing.SerializableTesterTest
Tests run: 4, Failures: 0, Errors: 0, Skipped: 0, Time elapsed: 0.02 sec
Running com.google.common.testing.TearDownStackTest
Tests run: 3, Failures: 0, Errors: 0, Skipped: 0, Time elapsed: 0.027 sec
Running com.google.common.testing.TestLogHandlerTest
Tests run: 2, Failures: 0, Errors: 0, Skipped: 0, Time elapsed: 0.007 sec
Running com.google.common.testing.anotherpackage.ForwardingWrapperTesterTest
Tests run: 19, Failures: 0, Errors: 0, Skipped: 0, Time elapsed: 0.126 sec
Running com.google.common.util.concurrent.testing.TestingExecutorsTest
Tests run: 5, Failures: 0, Errors: 0, Skipped: 0, Time elapsed: 0.079 sec

Results :

Tests run: 855333, Failures: 0, Errors: 0, Skipped: 0

[2022-12-01T22:27:59.457Z] [main] [INFO] 
[2022-12-01T22:27:59.459Z] [main] [INFO] --- animal-sniffer-maven-plugin:1.22:check (check-java-version-compatibility) @ guava-testlib ---
[2022-12-01T22:27:59.697Z] [main] [INFO] Checking unresolved references to org.codehaus.mojo.signature:java18:1.0
[2022-12-01T22:28:03.102Z] [main] [INFO] 
[2022-12-01T22:28:03.103Z] [main] [INFO] --- maven-jar-plugin:3.2.0:jar (default-jar) @ guava-testlib ---
[2022-12-01T22:28:03.885Z] [main] [INFO] Building jar: /Users/Stefan/git/guava/guava-testlib/target/guava-testlib-HEAD-jre-SNAPSHOT.jar
[2022-12-01T22:28:04.288Z] [main] [INFO] 
[2022-12-01T22:28:04.289Z] [main] [INFO] --- maven-jar-plugin:3.2.0:test-jar (create-test-jar) @ guava-testlib ---
[2022-12-01T22:28:04.370Z] [main] [INFO] Building jar: /Users/Stefan/git/guava/guava-testlib/target/guava-testlib-HEAD-jre-SNAPSHOT-tests.jar
[2022-12-01T22:28:04.469Z] [main] [INFO] 
[2022-12-01T22:28:04.469Z] [main] [INFO] >>> maven-source-plugin:3.2.1:jar (attach-sources) > generate-sources @ guava-testlib >>>
[2022-12-01T22:28:04.474Z] [main] [INFO] 
[2022-12-01T22:28:04.475Z] [main] [INFO] --- maven-enforcer-plugin:3.0.0-M3:enforce (enforce-versions) @ guava-testlib ---
[2022-12-01T22:28:04.476Z] [main] [INFO] 
[2022-12-01T22:28:04.476Z] [main] [INFO] <<< maven-source-plugin:3.2.1:jar (attach-sources) < generate-sources @ guava-testlib <<<
[2022-12-01T22:28:04.476Z] [main] [INFO] 
[2022-12-01T22:28:04.476Z] [main] [INFO] 
[2022-12-01T22:28:04.476Z] [main] [INFO] --- maven-source-plugin:3.2.1:jar (attach-sources) @ guava-testlib ---
[2022-12-01T22:28:05.482Z] [main] [INFO] Building jar: /Users/Stefan/git/guava/guava-testlib/target/guava-testlib-HEAD-jre-SNAPSHOT-sources.jar
[2022-12-01T22:28:05.779Z] [main] [INFO] 
[2022-12-01T22:28:05.779Z] [main] [INFO] >>> maven-source-plugin:3.2.1:test-jar (attach-test-sources) > generate-sources @ guava-testlib >>>
[2022-12-01T22:28:05.779Z] [main] [INFO] 
[2022-12-01T22:28:05.780Z] [main] [INFO] --- maven-enforcer-plugin:3.0.0-M3:enforce (enforce-versions) @ guava-testlib ---
[2022-12-01T22:28:05.781Z] [main] [INFO] 
[2022-12-01T22:28:05.782Z] [main] [INFO] <<< maven-source-plugin:3.2.1:test-jar (attach-test-sources) < generate-sources @ guava-testlib <<<
[2022-12-01T22:28:05.782Z] [main] [INFO] 
[2022-12-01T22:28:05.782Z] [main] [INFO] 
[2022-12-01T22:28:05.782Z] [main] [INFO] --- maven-source-plugin:3.2.1:test-jar (attach-test-sources) @ guava-testlib ---
[2022-12-01T22:28:05.814Z] [main] [INFO] Building jar: /Users/Stefan/git/guava/guava-testlib/target/guava-testlib-HEAD-jre-SNAPSHOT-test-sources.jar
[2022-12-01T22:28:05.901Z] [main] [INFO] 
[2022-12-01T22:28:05.901Z] [main] [INFO] --- maven-javadoc-plugin:3.4.1:jar (attach-docs) @ guava-testlib ---
[2022-12-01T22:28:06.474Z] [main] [INFO] No previous run data found, generating javadoc.
[2022-12-01T22:28:35.748Z] [main] [INFO] Building jar: /Users/Stefan/git/guava/guava-testlib/target/guava-testlib-HEAD-jre-SNAPSHOT-javadoc.jar
[2022-12-01T22:28:36.378Z] [main] [INFO] 
[2022-12-01T22:28:36.378Z] [main] [INFO] --- maven-install-plugin:2.4:install (default-install) @ guava-testlib ---
[2022-12-01T22:28:36.406Z] [main] [INFO] Installing /Users/Stefan/git/guava/guava-testlib/target/guava-testlib-HEAD-jre-SNAPSHOT.jar to /Users/Stefan/.m2/repository/com/google/guava/guava-testlib/HEAD-jre-SNAPSHOT/guava-testlib-HEAD-jre-SNAPSHOT.jar
[2022-12-01T22:28:36.420Z] [main] [INFO] Installing /Users/Stefan/git/guava/guava-testlib/pom.xml to /Users/Stefan/.m2/repository/com/google/guava/guava-testlib/HEAD-jre-SNAPSHOT/guava-testlib-HEAD-jre-SNAPSHOT.pom
[2022-12-01T22:28:36.439Z] [main] [INFO] Installing /Users/Stefan/git/guava/guava-testlib/target/guava-testlib-HEAD-jre-SNAPSHOT-tests.jar to /Users/Stefan/.m2/repository/com/google/guava/guava-testlib/HEAD-jre-SNAPSHOT/guava-testlib-HEAD-jre-SNAPSHOT-tests.jar
[2022-12-01T22:28:36.460Z] [main] [INFO] Installing /Users/Stefan/git/guava/guava-testlib/target/guava-testlib-HEAD-jre-SNAPSHOT-sources.jar to /Users/Stefan/.m2/repository/com/google/guava/guava-testlib/HEAD-jre-SNAPSHOT/guava-testlib-HEAD-jre-SNAPSHOT-sources.jar
[2022-12-01T22:28:36.493Z] [main] [INFO] Installing /Users/Stefan/git/guava/guava-testlib/target/guava-testlib-HEAD-jre-SNAPSHOT-test-sources.jar to /Users/Stefan/.m2/repository/com/google/guava/guava-testlib/HEAD-jre-SNAPSHOT/guava-testlib-HEAD-jre-SNAPSHOT-test-sources.jar
[2022-12-01T22:28:36.517Z] [main] [INFO] Installing /Users/Stefan/git/guava/guava-testlib/target/guava-testlib-HEAD-jre-SNAPSHOT-javadoc.jar to /Users/Stefan/.m2/repository/com/google/guava/guava-testlib/HEAD-jre-SNAPSHOT/guava-testlib-HEAD-jre-SNAPSHOT-javadoc.jar
[2022-12-01T22:28:36.558Z] [main] [INFO] 
[2022-12-01T22:28:36.558Z] [main] [INFO] --------------------< com.google.guava:guava-tests >--------------------
[2022-12-01T22:28:36.559Z] [main] [INFO] Building Guava Unit Tests HEAD-jre-SNAPSHOT                        [5/6]
[2022-12-01T22:28:36.559Z] [main] [INFO] --------------------------------[ jar ]---------------------------------
[2022-12-01T22:28:37.022Z] [main] [INFO] 
[2022-12-01T22:28:37.022Z] [main] [INFO] --- maven-clean-plugin:2.5:clean (default-clean) @ guava-tests ---
[2022-12-01T22:28:37.023Z] [main] [INFO] Deleting /Users/Stefan/git/guava/guava-tests/target
[2022-12-01T22:28:38.480Z] [main] [INFO] 
[2022-12-01T22:28:38.481Z] [main] [INFO] --- maven-enforcer-plugin:3.0.0-M3:enforce (enforce-versions) @ guava-tests ---
[2022-12-01T22:28:38.482Z] [main] [INFO] 
[2022-12-01T22:28:38.482Z] [main] [INFO] --- maven-resources-plugin:2.6:resources (default-resources) @ guava-tests ---
[2022-12-01T22:28:38.484Z] [main] [INFO] Using 'UTF-8' encoding to copy filtered resources.
[2022-12-01T22:28:38.485Z] [main] [INFO] skip non existing resourceDirectory /Users/Stefan/git/guava/guava-tests/src
[2022-12-01T22:28:38.485Z] [main] [INFO] 
[2022-12-01T22:28:38.485Z] [main] [INFO] --- maven-compiler-plugin:3.8.1:compile (default-compile) @ guava-tests ---
[2022-12-01T22:28:38.491Z] [main] [INFO] No sources to compile
[2022-12-01T22:28:38.492Z] [main] [INFO] 
[2022-12-01T22:28:38.492Z] [main] [INFO] --- build-helper-maven-plugin:1.7:add-test-source (add-benchmark-sources) @ guava-tests ---
[2022-12-01T22:28:38.547Z] [main] [INFO] Test Source directory: /Users/Stefan/git/guava/guava-tests/benchmark added.
[2022-12-01T22:28:38.547Z] [main] [INFO] 
[2022-12-01T22:28:38.547Z] [main] [INFO] --- maven-resources-plugin:2.6:testResources (default-testResources) @ guava-tests ---
[2022-12-01T22:28:38.549Z] [main] [INFO] Using 'UTF-8' encoding to copy filtered resources.
[2022-12-01T22:28:38.625Z] [main] [INFO] Copying 6 resources
[2022-12-01T22:28:38.709Z] [main] [INFO] 
[2022-12-01T22:28:38.709Z] [main] [INFO] --- maven-compiler-plugin:3.8.1:testCompile (default-testCompile) @ guava-tests ---
[2022-12-01T22:28:38.847Z] [main] [INFO] Changes detected - recompiling the module!
[2022-12-01T22:28:38.848Z] [main] [INFO] Compiling 631 source files to /Users/Stefan/git/guava/guava-tests/target/test-classes
[2022-12-01T22:29:31.401Z] [main] [WARNING] /Users/Stefan/git/guava/guava-tests/test/com/google/common/hash/MacHashFunctionTest.java:[32,23] ProviderList is internal proprietary API and may be removed in a future release
[2022-12-01T22:29:31.403Z] [main] [WARNING] /Users/Stefan/git/guava/guava-tests/test/com/google/common/hash/MacHashFunctionTest.java:[33,23] Providers is internal proprietary API and may be removed in a future release
[2022-12-01T22:29:31.404Z] [main] [WARNING] /Users/Stefan/git/guava/guava-tests/test/com/google/common/util/concurrent/AbstractFutureFallbackAtomicHelperTest.java:[57,45] Unsafe is internal proprietary API and may be removed in a future release
[2022-12-01T22:29:31.404Z] [main] [WARNING] /Users/Stefan/git/guava/guava-tests/test/com/google/common/util/concurrent/AbstractFutureFallbackAtomicHelperTest.java:[66,22] Unsafe is internal proprietary API and may be removed in a future release
[2022-12-01T22:29:31.404Z] [main] [WARNING] /Users/Stefan/git/guava/guava-tests/test/com/google/common/hash/MacHashFunctionTest.java:[82,4] ProviderList is internal proprietary API and may be removed in a future release
[2022-12-01T22:29:31.404Z] [main] [WARNING] /Users/Stefan/git/guava/guava-tests/test/com/google/common/hash/MacHashFunctionTest.java:[82,29] Providers is internal proprietary API and may be removed in a future release
[2022-12-01T22:29:31.404Z] [main] [WARNING] /Users/Stefan/git/guava/guava-tests/test/com/google/common/hash/MacHashFunctionTest.java:[83,4] Providers is internal proprietary API and may be removed in a future release
[2022-12-01T22:29:31.404Z] [main] [WARNING] /Users/Stefan/git/guava/guava-tests/test/com/google/common/hash/MacHashFunctionTest.java:[83,30] ProviderList is internal proprietary API and may be removed in a future release
[2022-12-01T22:29:31.404Z] [main] [WARNING] /Users/Stefan/git/guava/guava-tests/test/com/google/common/hash/MacHashFunctionTest.java:[89,6] Providers is internal proprietary API and may be removed in a future release
[2022-12-01T22:29:31.404Z] [main] [WARNING] /Users/Stefan/git/guava/guava-tests/benchmark/com/google/common/util/concurrent/ExecutionListBenchmark.java:[579,33] Unsafe is internal proprietary API and may be removed in a future release
[2022-12-01T22:29:31.405Z] [main] [WARNING] /Users/Stefan/git/guava/guava-tests/benchmark/com/google/common/util/concurrent/ExecutionListBenchmark.java:[598,27] Unsafe is internal proprietary API and may be removed in a future release
[2022-12-01T22:29:31.405Z] [main] [WARNING] /Users/Stefan/git/guava/guava-tests/benchmark/com/google/common/util/concurrent/ExecutionListBenchmark.java:[600,23] Unsafe is internal proprietary API and may be removed in a future release
[2022-12-01T22:29:31.405Z] [main] [WARNING] /Users/Stefan/git/guava/guava-tests/benchmark/com/google/common/util/concurrent/ExecutionListBenchmark.java:[605,64] Unsafe is internal proprietary API and may be removed in a future release
[2022-12-01T22:29:31.405Z] [main] [WARNING] /Users/Stefan/git/guava/guava-tests/benchmark/com/google/common/util/concurrent/ExecutionListBenchmark.java:[607,29] Unsafe is internal proprietary API and may be removed in a future release
[2022-12-01T22:29:31.405Z] [main] [WARNING] /Users/Stefan/git/guava/guava-tests/benchmark/com/google/common/util/concurrent/ExecutionListBenchmark.java:[608,30] Unsafe is internal proprietary API and may be removed in a future release
[2022-12-01T22:29:31.405Z] [main] [WARNING] /Users/Stefan/git/guava/guava-tests/benchmark/com/google/common/util/concurrent/ExecutionListBenchmark.java:[608,51] Unsafe is internal proprietary API and may be removed in a future release
[2022-12-01T22:29:31.406Z] [main] [INFO] 
[2022-12-01T22:29:31.406Z] [main] [INFO] --- maven-surefire-plugin:2.7.2:test (default-test) @ guava-tests ---
[2022-12-01T22:29:31.412Z] [main] [INFO] Surefire report directory: /Users/Stefan/git/guava/guava-tests/target/surefire-reports

-------------------------------------------------------
 T E S T S
-------------------------------------------------------
Running com.google.common.base.AbstractIteratorTest
Tests run: 7, Failures: 0, Errors: 0, Skipped: 0, Time elapsed: 0.114 sec
Running com.google.common.base.AsciiTest
Tests run: 9, Failures: 0, Errors: 0, Skipped: 0, Time elapsed: 0.039 sec
Running com.google.common.base.CaseFormatTest
Tests run: 32, Failures: 0, Errors: 0, Skipped: 0, Time elapsed: 0.321 sec
Running com.google.common.base.CharMatcherTest
Tests run: 20, Failures: 0, Errors: 0, Skipped: 0, Time elapsed: 0.543 sec
Running com.google.common.base.CharsetsTest
Tests run: 7, Failures: 0, Errors: 0, Skipped: 0, Time elapsed: 0.005 sec
Running com.google.common.base.ConverterTest
Tests run: 14, Failures: 0, Errors: 0, Skipped: 0, Time elapsed: 0.032 sec
Running com.google.common.base.DefaultsTest
Tests run: 1, Failures: 0, Errors: 0, Skipped: 0, Time elapsed: 0.005 sec
Running com.google.common.base.EnumsTest
Tests run: 13, Failures: 0, Errors: 0, Skipped: 0, Time elapsed: 0.084 sec
Running com.google.common.base.EquivalenceTest
Tests run: 12, Failures: 0, Errors: 0, Skipped: 0, Time elapsed: 0.038 sec
Running com.google.common.base.FinalizableReferenceQueueClassLoaderUnloadingTest
Tests run: 3, Failures: 0, Errors: 0, Skipped: 0, Time elapsed: 0.369 sec
Running com.google.common.base.FinalizableReferenceQueueTest
Tests run: 5, Failures: 0, Errors: 0, Skipped: 0, Time elapsed: 0.096 sec
Running com.google.common.base.FunctionsTest
Tests run: 27, Failures: 0, Errors: 0, Skipped: 0, Time elapsed: 0.154 sec
Running com.google.common.base.JoinerTest
Tests run: 12, Failures: 0, Errors: 0, Skipped: 0, Time elapsed: 0.051 sec
Running com.google.common.base.ObjectsTest
Tests run: 3, Failures: 0, Errors: 0, Skipped: 0, Time elapsed: 0.003 sec
Running com.google.common.base.OptionalTest
Tests run: 44, Failures: 0, Errors: 0, Skipped: 0, Time elapsed: 0.082 sec
Running com.google.common.base.PreconditionsTest
Tests run: 47, Failures: 0, Errors: 0, Skipped: 0, Time elapsed: 0.053 sec
Running com.google.common.base.PredicatesTest
Tests run: 87, Failures: 0, Errors: 0, Skipped: 0, Time elapsed: 0.163 sec
Running com.google.common.base.SplitterTest
Tests run: 104, Failures: 0, Errors: 0, Skipped: 0, Time elapsed: 0.063 sec
Running com.google.common.base.StandardSystemPropertyTest
Tests run: 4, Failures: 0, Errors: 0, Skipped: 0, Time elapsed: 0.007 sec
Running com.google.common.base.StopwatchJavaTimeTest
Tests run: 1, Failures: 0, Errors: 0, Skipped: 0, Time elapsed: 0.002 sec
Running com.google.common.base.StopwatchTest
Tests run: 16, Failures: 0, Errors: 0, Skipped: 0, Time elapsed: 0.011 sec
Running com.google.common.base.StringsTest
Tests run: 20, Failures: 0, Errors: 0, Skipped: 0, Time elapsed: 0.067 sec
Running com.google.common.base.SuppliersTest
Tests run: 20, Failures: 0, Errors: 0, Skipped: 0, Time elapsed: 0.465 sec
Running com.google.common.base.ThrowablesTest
Tests run: 44, Failures: 0, Errors: 0, Skipped: 0, Time elapsed: 0.023 sec
Running com.google.common.base.ToStringHelperTest
Tests run: 40, Failures: 0, Errors: 0, Skipped: 0, Time elapsed: 0.017 sec
Running com.google.common.base.Utf8Test
Tests run: 9, Failures: 0, Errors: 0, Skipped: 0, Time elapsed: 3.306 sec
Running com.google.common.base.VerifyTest
Tests run: 11, Failures: 0, Errors: 0, Skipped: 0, Time elapsed: 0.005 sec
Running com.google.common.cache.AbstractCacheTest
Tests run: 8, Failures: 0, Errors: 0, Skipped: 0, Time elapsed: 0.018 sec
Running com.google.common.cache.AbstractLoadingCacheTest
Tests run: 4, Failures: 0, Errors: 0, Skipped: 0, Time elapsed: 0.008 sec
Running com.google.common.cache.CacheBuilderGwtTest
Tests run: 18, Failures: 0, Errors: 0, Skipped: 0, Time elapsed: 0.098 sec
Running com.google.common.cache.CacheBuilderSpecTest
Tests run: 43, Failures: 0, Errors: 0, Skipped: 0, Time elapsed: 0.048 sec
Running com.google.common.cache.CacheBuilderTest
Tests run: 46, Failures: 0, Errors: 0, Skipped: 0, Time elapsed: 12.306 sec
Running com.google.common.cache.CacheEvictionTest
Tests run: 15, Failures: 0, Errors: 0, Skipped: 0, Time elapsed: 0.059 sec
Running com.google.common.cache.CacheExpirationTest
Tests run: 12, Failures: 0, Errors: 0, Skipped: 0, Time elapsed: 0.011 sec
Running com.google.common.cache.CacheLoaderTest
Tests run: 1, Failures: 0, Errors: 0, Skipped: 0, Time elapsed: 0.01 sec
Running com.google.common.cache.CacheLoadingTest
Tests run: 46, Failures: 0, Errors: 0, Skipped: 0, Time elapsed: 0.941 sec
Running com.google.common.cache.CacheManualTest
Tests run: 2, Failures: 0, Errors: 0, Skipped: 0, Time elapsed: 0.003 sec
Running com.google.common.cache.CacheReferencesTest
Tests run: 4, Failures: 0, Errors: 0, Skipped: 0, Time elapsed: 0.02 sec
Running com.google.common.cache.CacheRefreshTest
Tests run: 1, Failures: 0, Errors: 0, Skipped: 0, Time elapsed: 0.002 sec
Running com.google.common.cache.CacheStatsTest
Tests run: 5, Failures: 0, Errors: 0, Skipped: 0, Time elapsed: 0.002 sec
Running com.google.common.cache.EmptyCachesTest
Tests run: 22, Failures: 0, Errors: 0, Skipped: 0, Time elapsed: 20.771 sec
Running com.google.common.cache.ForwardingCacheTest
Tests run: 9, Failures: 0, Errors: 0, Skipped: 0, Time elapsed: 2.3 sec
Running com.google.common.cache.ForwardingLoadingCacheTest
Tests run: 11, Failures: 0, Errors: 0, Skipped: 0, Time elapsed: 0.16 sec
Running com.google.common.cache.LocalCacheMapComputeTest
Tests run: 9, Failures: 0, Errors: 0, Skipped: 0, Time elapsed: 0.545 sec
Running com.google.common.cache.LocalCacheTest
Tests run: 9567, Failures: 0, Errors: 0, Skipped: 0, Time elapsed: 5.882 sec
Running com.google.common.cache.LocalLoadingCacheTest
Tests run: 9, Failures: 0, Errors: 0, Skipped: 0, Time elapsed: 0.021 sec
Running com.google.common.cache.LongAdderTest
Tests run: 2, Failures: 0, Errors: 0, Skipped: 0, Time elapsed: 0.002 sec
Running com.google.common.cache.NullCacheTest
Tests run: 5, Failures: 0, Errors: 0, Skipped: 0, Time elapsed: 0.003 sec
Running com.google.common.cache.PopulatedCachesTest
Tests run: 12, Failures: 0, Errors: 0, Skipped: 0, Time elapsed: 6.249 sec
Running com.google.common.cache.RemovalNotificationTest
Tests run: 1, Failures: 0, Errors: 0, Skipped: 0, Time elapsed: 0.002 sec
Running com.google.common.collect.AbstractBiMapTest
Tests run: 2, Failures: 0, Errors: 0, Skipped: 0, Time elapsed: 0.019 sec
Running com.google.common.collect.AbstractIteratorTest
Tests run: 9, Failures: 0, Errors: 0, Skipped: 0, Time elapsed: 0.105 sec
Running com.google.common.collect.AbstractMapEntryTest
Tests run: 6, Failures: 0, Errors: 0, Skipped: 0, Time elapsed: 0.002 sec
Running com.google.common.collect.AbstractSequentialIteratorTest
Tests run: 5, Failures: 0, Errors: 0, Skipped: 0, Time elapsed: 0.024 sec
Running com.google.common.collect.ArrayListMultimapTest
Tests run: 6044, Failures: 0, Errors: 0, Skipped: 0, Time elapsed: 7.703 sec
Running com.google.common.collect.ArrayTableColumnMapTest
Tests run: 56, Failures: 0, Errors: 0, Skipped: 0, Time elapsed: 0.059 sec
Running com.google.common.collect.ArrayTableColumnTest
Tests run: 56, Failures: 0, Errors: 0, Skipped: 0, Time elapsed: 0.024 sec
Running com.google.common.collect.ArrayTableRowMapTest
Tests run: 56, Failures: 0, Errors: 0, Skipped: 0, Time elapsed: 0.031 sec
Running com.google.common.collect.ArrayTableRowTest
Tests run: 56, Failures: 0, Errors: 0, Skipped: 0, Time elapsed: 0.016 sec
Running com.google.common.collect.ArrayTableTest
Tests run: 56, Failures: 0, Errors: 0, Skipped: 0, Time elapsed: 0.112 sec
Running com.google.common.collect.CollectSpliteratorsTest
Tests run: 7, Failures: 0, Errors: 0, Skipped: 0, Time elapsed: 0.093 sec
Running com.google.common.collect.Collections2FilterArrayListTest
Tests run: 10, Failures: 0, Errors: 0, Skipped: 0, Time elapsed: 0.02 sec
Running com.google.common.collect.Collections2Test
Tests run: 1284, Failures: 0, Errors: 0, Skipped: 0, Time elapsed: 0.867 sec
Running com.google.common.collect.CompactHashMapFloodingTest
Tests run: 2, Failures: 0, Errors: 0, Skipped: 0, Time elapsed: 1.362 sec
Running com.google.common.collect.CompactHashMapTest
Tests run: 3838, Failures: 0, Errors: 0, Skipped: 0, Time elapsed: 2.708 sec
Running com.google.common.collect.CompactHashSetFloodingTest
Tests run: 2, Failures: 0, Errors: 0, Skipped: 0, Time elapsed: 0.691 sec
Running com.google.common.collect.CompactHashSetTest
Tests run: 1568, Failures: 0, Errors: 0, Skipped: 0, Time elapsed: 1.677 sec
Running com.google.common.collect.CompactLinkedHashMapFloodingTest
Tests run: 2, Failures: 0, Errors: 0, Skipped: 0, Time elapsed: 0.838 sec
Running com.google.common.collect.CompactLinkedHashMapTest
Tests run: 4046, Failures: 0, Errors: 0, Skipped: 0, Time elapsed: 8.289 sec
Running com.google.common.collect.CompactLinkedHashSetFloodingTest
Tests run: 2, Failures: 0, Errors: 0, Skipped: 0, Time elapsed: 0.681 sec
Running com.google.common.collect.CompactLinkedHashSetTest
Tests run: 1110, Failures: 0, Errors: 0, Skipped: 0, Time elapsed: 1.171 sec
Running com.google.common.collect.ComparatorsTest
Tests run: 11, Failures: 0, Errors: 0, Skipped: 0, Time elapsed: 0.034 sec
Running com.google.common.collect.ComparisonChainTest
Tests run: 12, Failures: 0, Errors: 0, Skipped: 0, Time elapsed: 0.017 sec
Running com.google.common.collect.ConcurrentHashMultisetBasherTest
Tests run: 3, Failures: 0, Errors: 0, Skipped: 0, Time elapsed: 19.436 sec
Running com.google.common.collect.ConcurrentHashMultisetTest
Tests run: 3345, Failures: 0, Errors: 0, Skipped: 0, Time elapsed: 4.021 sec
Running com.google.common.collect.ContiguousSetTest
Tests run: 24, Failures: 0, Errors: 0, Skipped: 0, Time elapsed: 0.099 sec
Running com.google.common.collect.ContiguousSetTest$BuiltTests
Tests run: 905, Failures: 0, Errors: 0, Skipped: 0, Time elapsed: 0.574 sec
Running com.google.common.collect.CountTest
Tests run: 5, Failures: 0, Errors: 0, Skipped: 0, Time elapsed: 0.003 sec
Running com.google.common.collect.DiscreteDomainTest
Tests run: 8, Failures: 0, Errors: 0, Skipped: 0, Time elapsed: 0.006 sec
Running com.google.common.collect.EmptyImmutableTableTest
Tests run: 25, Failures: 0, Errors: 0, Skipped: 0, Time elapsed: 0.005 sec
Running com.google.common.collect.EnumBiMapTest
Tests run: 4084, Failures: 0, Errors: 0, Skipped: 0, Time elapsed: 5.355 sec
Running com.google.common.collect.EnumHashBiMapTest
Tests run: 4220, Failures: 0, Errors: 0, Skipped: 0, Time elapsed: 4.839 sec
Running com.google.common.collect.EnumMultisetTest
Tests run: 870, Failures: 0, Errors: 0, Skipped: 0, Time elapsed: 1.034 sec
Running com.google.common.collect.EvictingQueueTest
Tests run: 11, Failures: 0, Errors: 0, Skipped: 0, Time elapsed: 0.021 sec
Running com.google.common.collect.FauxveridesTest
Tests run: 9, Failures: 0, Errors: 0, Skipped: 0, Time elapsed: 0.044 sec
Running com.google.common.collect.FilteredBiMapTest
Tests run: 11, Failures: 0, Errors: 0, Skipped: 0, Time elapsed: 0.054 sec
Running com.google.common.collect.FilteredMapTest
Tests run: 11, Failures: 0, Errors: 0, Skipped: 0, Time elapsed: 0.003 sec
Running com.google.common.collect.FilteredMultimapTest
Tests run: 3, Failures: 0, Errors: 0, Skipped: 0, Time elapsed: 0.021 sec
Running com.google.common.collect.FilteredSortedMapTest
Tests run: 13, Failures: 0, Errors: 0, Skipped: 0, Time elapsed: 0.006 sec
Running com.google.common.collect.FluentIterableTest
Tests run: 105, Failures: 0, Errors: 0, Skipped: 0, Time elapsed: 0.077 sec
Running com.google.common.collect.ForMapMultimapAsMapImplementsMapTest
Tests run: 56, Failures: 0, Errors: 0, Skipped: 0, Time elapsed: 0.047 sec
Running com.google.common.collect.ForwardingCollectionTest
Tests run: 377, Failures: 0, Errors: 0, Skipped: 0, Time elapsed: 0.305 sec
Running com.google.common.collect.ForwardingConcurrentMapTest
Tests run: 4, Failures: 0, Errors: 0, Skipped: 0, Time elapsed: 0.002 sec
Running com.google.common.collect.ForwardingDequeTest
Tests run: 1, Failures: 0, Errors: 0, Skipped: 0, Time elapsed: 0.064 sec
Running com.google.common.collect.ForwardingListIteratorTest
Tests run: 1, Failures: 0, Errors: 0, Skipped: 0, Time elapsed: 0.019 sec
Running com.google.common.collect.ForwardingListMultimapTest
Tests run: 2, Failures: 0, Errors: 0, Skipped: 0, Time elapsed: 0.04 sec
Running com.google.common.collect.ForwardingListTest
Tests run: 721, Failures: 0, Errors: 0, Skipped: 0, Time elapsed: 3.865 sec
Running com.google.common.collect.ForwardingMapTest
Tests run: 1718, Failures: 0, Errors: 0, Skipped: 0, Time elapsed: 1.374 sec
Running com.google.common.collect.ForwardingMultimapTest
Tests run: 2, Failures: 0, Errors: 0, Skipped: 0, Time elapsed: 0.017 sec
Running com.google.common.collect.ForwardingMultisetTest
Tests run: 1718, Failures: 0, Errors: 0, Skipped: 0, Time elapsed: 1.344 sec
Running com.google.common.collect.ForwardingNavigableMapTest
Tests run: 32243, Failures: 0, Errors: 0, Skipped: 0, Time elapsed: 13.189 sec
Running com.google.common.collect.ForwardingNavigableSetTest
Tests run: 507, Failures: 0, Errors: 0, Skipped: 0, Time elapsed: 0.226 sec
Running com.google.common.collect.ForwardingObjectTest
Tests run: 2, Failures: 0, Errors: 0, Skipped: 0, Time elapsed: 0.003 sec
Running com.google.common.collect.ForwardingQueueTest
Tests run: 228, Failures: 0, Errors: 0, Skipped: 0, Time elapsed: 0.067 sec
Running com.google.common.collect.ForwardingSetMultimapTest
Tests run: 2, Failures: 0, Errors: 0, Skipped: 0, Time elapsed: 0.015 sec
Running com.google.common.collect.ForwardingSetTest
Tests run: 439, Failures: 0, Errors: 0, Skipped: 0, Time elapsed: 0.102 sec
Running com.google.common.collect.ForwardingSortedMapImplementsMapTest
Tests run: 59, Failures: 0, Errors: 0, Skipped: 0, Time elapsed: 0.011 sec
Running com.google.common.collect.ForwardingSortedMapTest
Tests run: 10970, Failures: 0, Errors: 0, Skipped: 0, Time elapsed: 5.382 sec
Running com.google.common.collect.ForwardingSortedMultisetTest
Tests run: 24156, Failures: 0, Errors: 0, Skipped: 0, Time elapsed: 6.324 sec
Running com.google.common.collect.ForwardingSortedSetMultimapTest
Tests run: 2, Failures: 0, Errors: 0, Skipped: 0, Time elapsed: 0.026 sec
Running com.google.common.collect.ForwardingSortedSetTest
Tests run: 982, Failures: 0, Errors: 0, Skipped: 0, Time elapsed: 0.515 sec
Running com.google.common.collect.ForwardingTableTest
Tests run: 2, Failures: 0, Errors: 0, Skipped: 0, Time elapsed: 0.084 sec
Running com.google.common.collect.GeneralRangeTest
Tests run: 19, Failures: 0, Errors: 0, Skipped: 0, Time elapsed: 0.004 sec
Running com.google.common.collect.HashBasedTableColumnMapTest
Tests run: 56, Failures: 0, Errors: 0, Skipped: 0, Time elapsed: 0.072 sec
Running com.google.common.collect.HashBasedTableColumnTest
Tests run: 56, Failures: 0, Errors: 0, Skipped: 0, Time elapsed: 0.058 sec
Running com.google.common.collect.HashBasedTableRowMapTest
Tests run: 56, Failures: 0, Errors: 0, Skipped: 0, Time elapsed: 0.015 sec
Running com.google.common.collect.HashBasedTableRowTest
Tests run: 56, Failures: 0, Errors: 0, Skipped: 0, Time elapsed: 0.011 sec
Running com.google.common.collect.HashBasedTableTest
Tests run: 29, Failures: 0, Errors: 0, Skipped: 0, Time elapsed: 0.017 sec
Running com.google.common.collect.HashBiMapTest
Tests run: 4505, Failures: 0, Errors: 0, Skipped: 0, Time elapsed: 1.862 sec
Running com.google.common.collect.HashMultimapTest
Tests run: 5715, Failures: 0, Errors: 0, Skipped: 0, Time elapsed: 1.636 sec
Running com.google.common.collect.HashMultisetTest
Tests run: 1863, Failures: 0, Errors: 0, Skipped: 0, Time elapsed: 0.674 sec
Running com.google.common.collect.HashingTest
Tests run: 1, Failures: 0, Errors: 0, Skipped: 0, Time elapsed: 0.001 sec
Running com.google.common.collect.ImmutableBiMapFloodingTest
Tests run: 2, Failures: 0, Errors: 0, Skipped: 0, Time elapsed: 7.358 sec
Running com.google.common.collect.ImmutableBiMapInverseMapInterfaceTest
Tests run: 56, Failures: 0, Errors: 0, Skipped: 0, Time elapsed: 0.019 sec
Running com.google.common.collect.ImmutableBiMapMapInterfaceTest
Tests run: 56, Failures: 0, Errors: 0, Skipped: 0, Time elapsed: 0.011 sec
Running com.google.common.collect.ImmutableBiMapTest
Tests run: 12351, Failures: 0, Errors: 0, Skipped: 0, Time elapsed: 4.564 sec
Running com.google.common.collect.ImmutableClassToInstanceMapTest
Tests run: 1422, Failures: 0, Errors: 0, Skipped: 0, Time elapsed: 0.544 sec
Running com.google.common.collect.ImmutableCollectionTest
Tests run: 1, Failures: 0, Errors: 0, Skipped: 0, Time elapsed: 0.001 sec
Running com.google.common.collect.ImmutableEnumMapTest
Tests run: 1319, Failures: 0, Errors: 0, Skipped: 0, Time elapsed: 0.837 sec
Running com.google.common.collect.ImmutableListCopyOfConcurrentlyModifiedInputTest
Tests run: 2, Failures: 0, Errors: 0, Skipped: 0, Time elapsed: 0.029 sec
Running com.google.common.collect.ImmutableListMultimapTest
Tests run: 8852, Failures: 0, Errors: 0, Skipped: 0, Time elapsed: 9.508 sec
Running com.google.common.collect.ImmutableListTest
Tests run: 4254, Failures: 0, Errors: 0, Skipped: 0, Time elapsed: 15.787 sec
Running com.google.common.collect.ImmutableMapFloodingTest
Tests run: 2, Failures: 0, Errors: 0, Skipped: 0, Time elapsed: 1.328 sec
Running com.google.common.collect.ImmutableMapTest
Tests run: 12402, Failures: 0, Errors: 0, Skipped: 0, Time elapsed: 9.034 sec
Running com.google.common.collect.ImmutableMapWithBadHashesMapInterfaceTest
Tests run: 56, Failures: 0, Errors: 0, Skipped: 0, Time elapsed: 0.013 sec
Running com.google.common.collect.ImmutableMultimapAsMapImplementsMapTest
Tests run: 56, Failures: 0, Errors: 0, Skipped: 0, Time elapsed: 0.006 sec
Running com.google.common.collect.ImmutableMultimapTest
Tests run: 8, Failures: 0, Errors: 0, Skipped: 0, Time elapsed: 0.016 sec
Running com.google.common.collect.ImmutableMultisetFloodingTest
Tests run: 2, Failures: 0, Errors: 0, Skipped: 0, Time elapsed: 1.329 sec
Running com.google.common.collect.ImmutableMultisetTest
Tests run: 4663, Failures: 0, Errors: 0, Skipped: 0, Time elapsed: 4.608 sec
Running com.google.common.collect.ImmutableRangeMapTest
Tests run: 12, Failures: 0, Errors: 0, Skipped: 0, Time elapsed: 22.587 sec
Running com.google.common.collect.ImmutableRangeSetTest
Tests run: 758, Failures: 0, Errors: 0, Skipped: 0, Time elapsed: 1.309 sec
Running com.google.common.collect.ImmutableSetFloodingTest
Tests run: 2, Failures: 0, Errors: 0, Skipped: 0, Time elapsed: 1.54 sec
Running com.google.common.collect.ImmutableSetMultimapAsMapImplementsMapTest
Tests run: 56, Failures: 0, Errors: 0, Skipped: 0, Time elapsed: 0.006 sec
Running com.google.common.collect.ImmutableSetMultimapTest
Tests run: 8547, Failures: 0, Errors: 0, Skipped: 0, Time elapsed: 3.32 sec
Running com.google.common.collect.ImmutableSetTest
Tests run: 3108, Failures: 0, Errors: 0, Skipped: 0, Time elapsed: 4.207 sec
Running com.google.common.collect.ImmutableSortedMapHeadMapInclusiveMapInterfaceTest
Tests run: 59, Failures: 0, Errors: 0, Skipped: 0, Time elapsed: 0.077 sec
Running com.google.common.collect.ImmutableSortedMapHeadMapMapInterfaceTest
Tests run: 59, Failures: 0, Errors: 0, Skipped: 0, Time elapsed: 0.148 sec
Running com.google.common.collect.ImmutableSortedMapSubMapMapInterfaceTest
Tests run: 59, Failures: 0, Errors: 0, Skipped: 0, Time elapsed: 0.014 sec
Running com.google.common.collect.ImmutableSortedMapTailMapExclusiveMapInterfaceTest
Tests run: 59, Failures: 0, Errors: 0, Skipped: 0, Time elapsed: 0.012 sec
Running com.google.common.collect.ImmutableSortedMapTailMapMapInterfaceTest
Tests run: 59, Failures: 0, Errors: 0, Skipped: 0, Time elapsed: 0.008 sec
Running com.google.common.collect.ImmutableSortedMapTest
Tests run: 66304, Failures: 0, Errors: 0, Skipped: 0, Time elapsed: 24.257 sec
Running com.google.common.collect.ImmutableSortedMultisetTest
Tests run: 20613, Failures: 0, Errors: 0, Skipped: 0, Time elapsed: 9.904 sec
Running com.google.common.collect.ImmutableSortedSetTest
Tests run: 17064, Failures: 0, Errors: 0, Skipped: 0, Time elapsed: 11.011 sec
Running com.google.common.collect.ImmutableTableTest
Tests run: 45, Failures: 0, Errors: 0, Skipped: 0, Time elapsed: 0.322 sec
Running com.google.common.collect.InternersTest
Tests run: 11, Failures: 0, Errors: 0, Skipped: 0, Time elapsed: 0.253 sec
Running com.google.common.collect.IterablesFilterArrayListTest
Tests run: 2, Failures: 0, Errors: 0, Skipped: 0, Time elapsed: 0.002 sec
Running com.google.common.collect.IterablesTest
Tests run: 132, Failures: 0, Errors: 0, Skipped: 0, Time elapsed: 0.256 sec
Running com.google.common.collect.IteratorsTest
Tests run: 582, Failures: 0, Errors: 0, Skipped: 0, Time elapsed: 0.717 sec
Running com.google.common.collect.LinkedHashMultimapTest
Tests run: 6062, Failures: 0, Errors: 0, Skipped: 0, Time elapsed: 2.56 sec
Running com.google.common.collect.LinkedHashMultisetTest
Tests run: 1965, Failures: 0, Errors: 0, Skipped: 0, Time elapsed: 0.575 sec
Running com.google.common.collect.LinkedListMultimapTest
Tests run: 6282, Failures: 0, Errors: 0, Skipped: 0, Time elapsed: 3.339 sec
Running com.google.common.collect.ListsImplTest
Tests run: 42, Failures: 0, Errors: 0, Skipped: 0, Time elapsed: 0.011 sec
Running com.google.common.collect.ListsTest
Tests run: 5933, Failures: 0, Errors: 0, Skipped: 0, Time elapsed: 7.892 sec
Running com.google.common.collect.MapMakerInternalMapTest
Tests run: 27, Failures: 0, Errors: 0, Skipped: 0, Time elapsed: 0.055 sec
Running com.google.common.collect.MapMakerTest
Tests run: 3, Failures: 0, Errors: 0, Skipped: 0, Time elapsed: 0.001 sec
Running com.google.common.collect.MapsCollectionTest
Tests run: 234922, Failures: 0, Errors: 0, Skipped: 0, Time elapsed: 64.7 sec
Running com.google.common.collect.MapsSortedTransformValuesTest
Tests run: 66, Failures: 0, Errors: 0, Skipped: 0, Time elapsed: 0.02 sec
Running com.google.common.collect.MapsTest
Tests run: 92, Failures: 0, Errors: 0, Skipped: 0, Time elapsed: 0.268 sec
Running com.google.common.collect.MapsTransformValuesTest
Tests run: 66, Failures: 0, Errors: 0, Skipped: 0, Time elapsed: 0.009 sec
Running com.google.common.collect.MapsTransformValuesUnmodifiableIteratorTest
Tests run: 66, Failures: 0, Errors: 0, Skipped: 0, Time elapsed: 0.027 sec
Running com.google.common.collect.MinMaxPriorityQueueTest
Tests run: 253, Failures: 0, Errors: 0, Skipped: 0, Time elapsed: 3.554 sec
Running com.google.common.collect.MoreCollectorsTest
Tests run: 11, Failures: 0, Errors: 0, Skipped: 0, Time elapsed: 0.023 sec
Running com.google.common.collect.MultimapBuilderTest
Tests run: 5, Failures: 0, Errors: 0, Skipped: 0, Time elapsed: 0.026 sec
Running com.google.common.collect.MultimapsCollectionTest
Tests run: 37867, Failures: 0, Errors: 0, Skipped: 0, Time elapsed: 11.656 sec
Running com.google.common.collect.MultimapsFilterEntriesAsMapTest
Tests run: 56, Failures: 0, Errors: 0, Skipped: 0, Time elapsed: 0.028 sec
Running com.google.common.collect.MultimapsTest
Tests run: 58, Failures: 0, Errors: 0, Skipped: 0, Time elapsed: 0.395 sec
Running com.google.common.collect.MultimapsTransformValuesAsMapTest
Tests run: 56, Failures: 0, Errors: 0, Skipped: 0, Time elapsed: 0.019 sec
Running com.google.common.collect.MultisetsCollectionTest
Tests run: 23303, Failures: 0, Errors: 0, Skipped: 0, Time elapsed: 6.733 sec
Running com.google.common.collect.MultisetsImmutableEntryTest
Tests run: 7, Failures: 0, Errors: 0, Skipped: 0, Time elapsed: 0.002 sec
Running com.google.common.collect.MultisetsTest
Tests run: 32, Failures: 0, Errors: 0, Skipped: 0, Time elapsed: 0.083 sec
Running com.google.common.collect.MutableClassToInstanceMapTest
Tests run: 1757, Failures: 0, Errors: 0, Skipped: 0, Time elapsed: 1.266 sec
Running com.google.common.collect.NewCustomTableTest
Tests run: 25, Failures: 0, Errors: 0, Skipped: 0, Time elapsed: 0.014 sec
Running com.google.common.collect.ObjectArraysTest
Tests run: 25, Failures: 0, Errors: 0, Skipped: 0, Time elapsed: 0.064 sec
Running com.google.common.collect.OrderingTest
Tests run: 69, Failures: 0, Errors: 0, Skipped: 0, Time elapsed: 7.226 sec
Running com.google.common.collect.PeekingIteratorTest
Tests run: 8, Failures: 0, Errors: 0, Skipped: 0, Time elapsed: 0.22 sec
Running com.google.common.collect.QueuesTest
Tests run: 9, Failures: 0, Errors: 0, Skipped: 0, Time elapsed: 6.513 sec
Running com.google.common.collect.RangeNonGwtTest
Tests run: 1, Failures: 0, Errors: 0, Skipped: 0, Time elapsed: 0.016 sec
Running com.google.common.collect.RangeTest
Tests run: 37, Failures: 0, Errors: 0, Skipped: 0, Time elapsed: 0.01 sec
Running com.google.common.collect.RegularImmutableAsListTest
Tests run: 1, Failures: 0, Errors: 0, Skipped: 0, Time elapsed: 0.001 sec
Running com.google.common.collect.RegularImmutableMapMapInterfaceTest
Tests run: 56, Failures: 0, Errors: 0, Skipped: 0, Time elapsed: 0.005 sec
Running com.google.common.collect.RegularImmutableMapWithUnhashableValuesMapInterfaceTest
Tests run: 56, Failures: 0, Errors: 0, Skipped: 0, Time elapsed: 0.009 sec
Running com.google.common.collect.RegularImmutableSortedMapMapInterfaceTest
Tests run: 59, Failures: 0, Errors: 0, Skipped: 0, Time elapsed: 0.009 sec
Running com.google.common.collect.RegularImmutableTableTest
Tests run: 22, Failures: 0, Errors: 0, Skipped: 0, Time elapsed: 0.004 sec
Running com.google.common.collect.ReserializedImmutableMapMapInterfaceTest
Tests run: 56, Failures: 0, Errors: 0, Skipped: 0, Time elapsed: 0.006 sec
Running com.google.common.collect.ReserializedImmutableSortedMapMapInterfaceTest
Tests run: 59, Failures: 0, Errors: 0, Skipped: 0, Time elapsed: 0.008 sec
Running com.google.common.collect.SetOperationsTest
Tests run: 1619, Failures: 0, Errors: 0, Skipped: 0, Time elapsed: 0.36 sec
Running com.google.common.collect.SetsFilterHashSetTest
Tests run: 11, Failures: 0, Errors: 0, Skipped: 0, Time elapsed: 0.003 sec
Running com.google.common.collect.SetsFilterNavigableSetTest
Tests run: 23, Failures: 0, Errors: 0, Skipped: 0, Time elapsed: 0.044 sec
Running com.google.common.collect.SetsFilterSortedSetTest
Tests run: 16, Failures: 0, Errors: 0, Skipped: 0, Time elapsed: 0.014 sec
Running com.google.common.collect.SetsTest
Tests run: 2282, Failures: 0, Errors: 0, Skipped: 0, Time elapsed: 0.543 sec
Running com.google.common.collect.SimpleAbstractMultisetTest
Tests run: 699, Failures: 0, Errors: 0, Skipped: 0, Time elapsed: 0.125 sec
Running com.google.common.collect.SingletonImmutableMapMapInterfaceTest
Tests run: 56, Failures: 0, Errors: 0, Skipped: 0, Time elapsed: 0.004 sec
Running com.google.common.collect.SingletonImmutableMapWithUnhashableValueMapInterfaceTest
Tests run: 56, Failures: 0, Errors: 0, Skipped: 0, Time elapsed: 0.005 sec
Running com.google.common.collect.SingletonImmutableSortedMapMapInterfaceTest
Tests run: 59, Failures: 0, Errors: 0, Skipped: 0, Time elapsed: 0.004 sec
Running com.google.common.collect.SingletonImmutableTableTest
Tests run: 25, Failures: 0, Errors: 0, Skipped: 0, Time elapsed: 0.004 sec
Running com.google.common.collect.SortedIterablesTest
Tests run: 2, Failures: 0, Errors: 0, Skipped: 0, Time elapsed: 0.001 sec
Running com.google.common.collect.SortedListsTest
Tests run: 3, Failures: 0, Errors: 0, Skipped: 0, Time elapsed: 0.012 sec
Running com.google.common.collect.StreamsTest
Tests run: 45, Failures: 0, Errors: 0, Skipped: 0, Time elapsed: 0.192 sec
Running com.google.common.collect.SubMapMultimapAsMapImplementsMapTest
Tests run: 56, Failures: 0, Errors: 0, Skipped: 0, Time elapsed: 0.015 sec
Running com.google.common.collect.SynchronizedBiMapTest
Tests run: 6844, Failures: 0, Errors: 0, Skipped: 0, Time elapsed: 1.868 sec
Running com.google.common.collect.SynchronizedDequeTest
Tests run: 1, Failures: 0, Errors: 0, Skipped: 0, Time elapsed: 0.024 sec
Running com.google.common.collect.SynchronizedMapTest
Tests run: 16, Failures: 0, Errors: 0, Skipped: 0, Time elapsed: 0.003 sec
Running com.google.common.collect.SynchronizedMultimapTest
Tests run: 5646, Failures: 0, Errors: 0, Skipped: 0, Time elapsed: 3.077 sec
Running com.google.common.collect.SynchronizedNavigableMapTest
Tests run: 32384, Failures: 0, Errors: 0, Skipped: 0, Time elapsed: 8.729 sec
Running com.google.common.collect.SynchronizedNavigableSetTest
Tests run: 8953, Failures: 0, Errors: 0, Skipped: 0, Time elapsed: 5.413 sec
Running com.google.common.collect.SynchronizedQueueTest
Tests run: 1, Failures: 0, Errors: 0, Skipped: 0, Time elapsed: 0.004 sec
Running com.google.common.collect.SynchronizedSetTest
Tests run: 506, Failures: 0, Errors: 0, Skipped: 0, Time elapsed: 0.277 sec
Running com.google.common.collect.SynchronizedTableTest
Tests run: 23, Failures: 0, Errors: 0, Skipped: 0, Time elapsed: 0.029 sec
Running com.google.common.collect.TableCollectionTest
Tests run: 5856, Failures: 0, Errors: 0, Skipped: 0, Time elapsed: 6.369 sec
Running com.google.common.collect.TableCollectorsTest
Tests run: 15, Failures: 0, Errors: 0, Skipped: 0, Time elapsed: 0.173 sec
Running com.google.common.collect.TablesTest
Tests run: 6, Failures: 0, Errors: 0, Skipped: 0, Time elapsed: 0.012 sec
Running com.google.common.collect.TablesTransformValuesColumnMapTest
Tests run: 56, Failures: 0, Errors: 0, Skipped: 0, Time elapsed: 0.031 sec
Running com.google.common.collect.TablesTransformValuesColumnTest
Tests run: 56, Failures: 0, Errors: 0, Skipped: 0, Time elapsed: 0.013 sec
Running com.google.common.collect.TablesTransformValuesRowMapTest
Tests run: 56, Failures: 0, Errors: 0, Skipped: 0, Time elapsed: 0.006 sec
Running com.google.common.collect.TablesTransformValuesRowTest
Tests run: 56, Failures: 0, Errors: 0, Skipped: 0, Time elapsed: 0.137 sec
Running com.google.common.collect.TablesTransformValuesTest
Tests run: 23, Failures: 0, Errors: 0, Skipped: 0, Time elapsed: 0.01 sec
Running com.google.common.collect.TablesTransposeColumnTest
Tests run: 56, Failures: 0, Errors: 0, Skipped: 0, Time elapsed: 0.006 sec
Running com.google.common.collect.TablesTransposeRowTest
Tests run: 56, Failures: 0, Errors: 0, Skipped: 0, Time elapsed: 0.086 sec
Running com.google.common.collect.TopKSelectorTest
Tests run: 9, Failures: 0, Errors: 0, Skipped: 0, Time elapsed: 1.989 sec
Running com.google.common.collect.TransposedTableTest
Tests run: 27, Failures: 0, Errors: 0, Skipped: 0, Time elapsed: 0.024 sec
Running com.google.common.collect.TreeBasedTableColumnMapTest
Tests run: 56, Failures: 0, Errors: 0, Skipped: 0, Time elapsed: 0.016 sec
Running com.google.common.collect.TreeBasedTableColumnTest
Tests run: 56, Failures: 0, Errors: 0, Skipped: 0, Time elapsed: 0.064 sec
Running com.google.common.collect.TreeBasedTableRowMapHeadMapTest
Tests run: 56, Failures: 0, Errors: 0, Skipped: 0, Time elapsed: 0.017 sec
Running com.google.common.collect.TreeBasedTableRowMapInterfaceTest
Tests run: 60, Failures: 0, Errors: 0, Skipped: 0, Time elapsed: 0.009 sec
Running com.google.common.collect.TreeBasedTableRowMapSubMapTest
Tests run: 56, Failures: 0, Errors: 0, Skipped: 0, Time elapsed: 0.01 sec
Running com.google.common.collect.TreeBasedTableRowMapTailMapTest
Tests run: 56, Failures: 0, Errors: 0, Skipped: 0, Time elapsed: 0.007 sec
Running com.google.common.collect.TreeBasedTableRowMapTest
Tests run: 56, Failures: 0, Errors: 0, Skipped: 0, Time elapsed: 0.007 sec
Running com.google.common.collect.TreeBasedTableRowTest
Tests run: 56, Failures: 0, Errors: 0, Skipped: 0, Time elapsed: 0.011 sec
Running com.google.common.collect.TreeBasedTableTest
Tests run: 3823, Failures: 0, Errors: 0, Skipped: 0, Time elapsed: 2.843 sec
Running com.google.common.collect.TreeMultimapExplicitTest
Tests run: 12, Failures: 0, Errors: 0, Skipped: 0, Time elapsed: 0.005 sec
Running com.google.common.collect.TreeMultimapNaturalTest
Tests run: 40220, Failures: 0, Errors: 0, Skipped: 0, Time elapsed: 24.855 sec
Running com.google.common.collect.TreeMultisetTest
Tests run: 103115, Failures: 0, Errors: 0, Skipped: 0, Time elapsed: 32.62 sec
Running com.google.common.collect.TreeRangeMapTest
Tests run: 3276, Failures: 0, Errors: 0, Skipped: 0, Time elapsed: 19.218 sec
Running com.google.common.collect.TreeRangeSetTest
Tests run: 45, Failures: 0, Errors: 0, Skipped: 0, Time elapsed: 48.394 sec
Running com.google.common.collect.TreeTraverserTest
Tests run: 5, Failures: 0, Errors: 0, Skipped: 0, Time elapsed: 0.05 sec
Running com.google.common.collect.UnmodifiableIteratorTest
Tests run: 1, Failures: 0, Errors: 0, Skipped: 0, Time elapsed: 0.005 sec
Running com.google.common.collect.UnmodifiableListIteratorTest
Tests run: 3, Failures: 0, Errors: 0, Skipped: 0, Time elapsed: 0.006 sec
Running com.google.common.collect.UnmodifiableMultimapAsMapImplementsMapTest
Tests run: 56, Failures: 0, Errors: 0, Skipped: 0, Time elapsed: 0.039 sec
Running com.google.common.collect.UnmodifiableRowSortedTableColumnMapTest
Tests run: 56, Failures: 0, Errors: 0, Skipped: 0, Time elapsed: 0.04 sec
Running com.google.common.collect.UnmodifiableRowSortedTableColumnTest
Tests run: 56, Failures: 0, Errors: 0, Skipped: 0, Time elapsed: 0.009 sec
Running com.google.common.collect.UnmodifiableRowSortedTableRowMapTest
Tests run: 56, Failures: 0, Errors: 0, Skipped: 0, Time elapsed: 0.013 sec
Running com.google.common.collect.UnmodifiableRowSortedTableRowTest
Tests run: 56, Failures: 0, Errors: 0, Skipped: 0, Time elapsed: 0.005 sec
Running com.google.common.collect.UnmodifiableTableColumnMapTest
Tests run: 56, Failures: 0, Errors: 0, Skipped: 0, Time elapsed: 0.007 sec
Running com.google.common.collect.UnmodifiableTableColumnTest
Tests run: 56, Failures: 0, Errors: 0, Skipped: 0, Time elapsed: 0.005 sec
Running com.google.common.collect.UnmodifiableTableRowMapTest
Tests run: 56, Failures: 0, Errors: 0, Skipped: 0, Time elapsed: 0.006 sec
Running com.google.common.collect.UnmodifiableTableRowTest
Tests run: 56, Failures: 0, Errors: 0, Skipped: 0, Time elapsed: 0.005 sec
Running com.google.common.escape.ArrayBasedCharEscaperTest
Tests run: 4, Failures: 0, Errors: 0, Skipped: 0, Time elapsed: 0.013 sec
Running com.google.common.escape.ArrayBasedEscaperMapTest
Tests run: 4, Failures: 0, Errors: 0, Skipped: 0, Time elapsed: 0.012 sec
Running com.google.common.escape.ArrayBasedUnicodeEscaperTest
Tests run: 5, Failures: 0, Errors: 0, Skipped: 0, Time elapsed: 0.018 sec
Running com.google.common.escape.CharEscaperBuilderTest
Tests run: 1, Failures: 0, Errors: 0, Skipped: 0, Time elapsed: 0.001 sec
Running com.google.common.escape.EscapersTest
Tests run: 6, Failures: 0, Errors: 0, Skipped: 0, Time elapsed: 0.005 sec
Running com.google.common.escape.UnicodeEscaperTest
Tests run: 9, Failures: 0, Errors: 0, Skipped: 0, Time elapsed: 0.007 sec
Running com.google.common.eventbus.AsyncEventBusTest
Tests run: 1, Failures: 0, Errors: 0, Skipped: 0, Time elapsed: 0.011 sec
Running com.google.common.eventbus.DispatcherTest
Tests run: 3, Failures: 0, Errors: 0, Skipped: 0, Time elapsed: 0.011 sec
Running com.google.common.eventbus.EventBusTest
Tests run: 12, Failures: 0, Errors: 0, Skipped: 0, Time elapsed: 0.764 sec
Running com.google.common.eventbus.ReentrantEventsTest
Tests run: 2, Failures: 0, Errors: 0, Skipped: 0, Time elapsed: 0.002 sec
Running com.google.common.eventbus.SubscriberRegistryTest
Tests run: 6, Failures: 0, Errors: 0, Skipped: 0, Time elapsed: 0.003 sec
Running com.google.common.eventbus.SubscriberTest
Tests run: 5, Failures: 0, Errors: 0, Skipped: 0, Time elapsed: 0.005 sec
Running com.google.common.eventbus.outside.AbstractNotAnnotatedInSuperclassTest
Tests run: 2, Failures: 0, Errors: 0, Skipped: 0, Time elapsed: 0.003 sec
Running com.google.common.eventbus.outside.AnnotatedAndAbstractInSuperclassTest
Tests run: 2, Failures: 0, Errors: 0, Skipped: 0, Time elapsed: 0.002 sec
Running com.google.common.eventbus.outside.AnnotatedNotAbstractInSuperclassTest
Tests run: 5, Failures: 0, Errors: 0, Skipped: 0, Time elapsed: 0.001 sec
Running com.google.common.eventbus.outside.BaseSubscriberFinderTest
Tests run: 2, Failures: 0, Errors: 0, Skipped: 0, Time elapsed: 0.002 sec
Running com.google.common.eventbus.outside.DeepInterfaceTest
Tests run: 8, Failures: 0, Errors: 0, Skipped: 0, Time elapsed: 0.003 sec
Running com.google.common.eventbus.outside.NeitherAbstractNorAnnotatedInSuperclassTest
Tests run: 3, Failures: 0, Errors: 0, Skipped: 0, Time elapsed: 0.001 sec
Running com.google.common.eventbus.outside.OutsideEventBusTest
Tests run: 1, Failures: 0, Errors: 0, Skipped: 0, Time elapsed: 0.003 sec
Running com.google.common.graph.DefaultNetworkImplementationsTest
Tests run: 14, Failures: 0, Errors: 0, Skipped: 0, Time elapsed: 0.06 sec
Running com.google.common.graph.ElementOrderTest
Tests run: 13, Failures: 0, Errors: 0, Skipped: 0, Time elapsed: 0.015 sec
Running com.google.common.graph.EndpointPairTest
Tests run: 12, Failures: 0, Errors: 0, Skipped: 0, Time elapsed: 0.01 sec
Running com.google.common.graph.GraphEquivalenceTest
Tests run: 12, Failures: 0, Errors: 0, Skipped: 0, Time elapsed: 0.006 sec
Running com.google.common.graph.GraphMutationTest
Tests run: 2, Failures: 0, Errors: 0, Skipped: 0, Time elapsed: 5.891 sec
Running com.google.common.graph.GraphPropertiesTest
Tests run: 12, Failures: 0, Errors: 0, Skipped: 0, Time elapsed: 0.004 sec
Running com.google.common.graph.GraphsTest
Tests run: 33, Failures: 0, Errors: 0, Skipped: 0, Time elapsed: 0.05 sec
Running com.google.common.graph.ImmutableNetworkTest
Tests run: 9, Failures: 0, Errors: 0, Skipped: 0, Time elapsed: 0.004 sec
Running com.google.common.graph.ImmutableValueGraphTest
Tests run: 12, Failures: 0, Errors: 0, Skipped: 0, Time elapsed: 0.006 sec
Running com.google.common.graph.MapCacheTest
Tests run: 12, Failures: 0, Errors: 0, Skipped: 0, Time elapsed: 0.003 sec
Running com.google.common.graph.NetworkEquivalenceTest
Tests run: 16, Failures: 0, Errors: 0, Skipped: 0, Time elapsed: 0.008 sec
Running com.google.common.graph.NetworkMutationTest
Tests run: 2, Failures: 0, Errors: 0, Skipped: 0, Time elapsed: 26.129 sec
Running com.google.common.graph.StandardImmutableDirectedGraphTest
Tests run: 130, Failures: 0, Errors: 0, Skipped: 60, Time elapsed: 0.285 sec
Running com.google.common.graph.StandardImmutableDirectedNetworkTest
Tests run: 392, Failures: 0, Errors: 0, Skipped: 187, Time elapsed: 0.799 sec
Running com.google.common.graph.StandardImmutableGraphAdditionalTest
Tests run: 9, Failures: 0, Errors: 0, Skipped: 0, Time elapsed: 0.002 sec
Running com.google.common.graph.StandardImmutableUndirectedGraphTest
Tests run: 124, Failures: 0, Errors: 0, Skipped: 56, Time elapsed: 0.259 sec
Running com.google.common.graph.StandardMutableDirectedGraphTest
Tests run: 260, Failures: 0, Errors: 0, Skipped: 37, Time elapsed: 0.2 sec
Running com.google.common.graph.StandardMutableDirectedNetworkTest
Tests run: 392, Failures: 0, Errors: 0, Skipped: 71, Time elapsed: 0.46 sec
Running com.google.common.graph.StandardMutableUndirectedGraphTest
Tests run: 248, Failures: 0, Errors: 0, Skipped: 37, Time elapsed: 0.249 sec
Running com.google.common.graph.StandardMutableUndirectedNetworkTest
Tests run: 368, Failures: 0, Errors: 0, Skipped: 67, Time elapsed: 0.553 sec
Running com.google.common.graph.TraverserTest
Tests run: 112, Failures: 0, Errors: 0, Skipped: 0, Time elapsed: 0.025 sec
Running com.google.common.graph.ValueGraphTest
Tests run: 35, Failures: 0, Errors: 0, Skipped: 0, Time elapsed: 0.035 sec
Running com.google.common.hash.AbstractByteHasherTest
Tests run: 9, Failures: 0, Errors: 0, Skipped: 0, Time elapsed: 0.047 sec
Running com.google.common.hash.AbstractNonStreamingHashFunctionTest
Tests run: 5, Failures: 0, Errors: 0, Skipped: 0, Time elapsed: 0.054 sec
Running com.google.common.hash.AbstractStreamingHasherTest
Tests run: 10, Failures: 0, Errors: 0, Skipped: 0, Time elapsed: 4.35 sec
Running com.google.common.hash.BloomFilterTest
Tests run: 29, Failures: 0, Errors: 0, Skipped: 0, Time elapsed: 9.782 sec
Running com.google.common.hash.ChecksumHashFunctionTest
Tests run: 4, Failures: 0, Errors: 0, Skipped: 0, Time elapsed: 0.009 sec
Running com.google.common.hash.Crc32cHashFunctionTest
Tests run: 13, Failures: 0, Errors: 0, Skipped: 0, Time elapsed: 0.149 sec
Running com.google.common.hash.FarmHashFingerprint64Test
Tests run: 6, Failures: 0, Errors: 0, Skipped: 0, Time elapsed: 0.037 sec
Running com.google.common.hash.Fingerprint2011Test
Tests run: 7, Failures: 0, Errors: 0, Skipped: 0, Time elapsed: 0.027 sec
Running com.google.common.hash.FunnelsTest
Tests run: 14, Failures: 0, Errors: 0, Skipped: 0, Time elapsed: 0.427 sec
Running com.google.common.hash.HashCodeTest
Tests run: 31, Failures: 0, Errors: 0, Skipped: 0, Time elapsed: 0.025 sec
Running com.google.common.hash.HashingInputStreamTest
Tests run: 8, Failures: 0, Errors: 0, Skipped: 0, Time elapsed: 0.156 sec
Running com.google.common.hash.HashingOutputStreamTest
Tests run: 5, Failures: 0, Errors: 0, Skipped: 0, Time elapsed: 0.01 sec
Running com.google.common.hash.HashingTest
Tests run: 40, Failures: 0, Errors: 0, Skipped: 0, Time elapsed: 16.491 sec
Running com.google.common.hash.MacHashFunctionTest
Tests run: 28, Failures: 0, Errors: 0, Skipped: 0, Time elapsed: 0.176 sec
Running com.google.common.hash.MessageDigestHashFunctionTest
Tests run: 4, Failures: 0, Errors: 0, Skipped: 0, Time elapsed: 0.023 sec
Running com.google.common.hash.Murmur3Hash128Test
Tests run: 3, Failures: 0, Errors: 0, Skipped: 0, Time elapsed: 0.322 sec
Running com.google.common.hash.Murmur3Hash32Test
Tests run: 11, Failures: 0, Errors: 0, Skipped: 0, Time elapsed: 0.315 sec
Running com.google.common.hash.SipHashFunctionTest
Tests run: 5, Failures: 0, Errors: 0, Skipped: 0, Time elapsed: 0.029 sec
Running com.google.common.html.HtmlEscapersTest
Tests run: 1, Failures: 0, Errors: 0, Skipped: 0, Time elapsed: 0.003 sec
Running com.google.common.io.AppendableWriterTest
Tests run: 4, Failures: 0, Errors: 0, Skipped: 0, Time elapsed: 0.007 sec
Running com.google.common.io.BaseEncodingTest
Tests run: 40, Failures: 0, Errors: 0, Skipped: 0, Time elapsed: 0.21 sec
Running com.google.common.io.ByteSinkTest
Tests run: 7, Failures: 0, Errors: 0, Skipped: 0, Time elapsed: 0.013 sec
Running com.google.common.io.ByteSourceTest
Tests run: 2223, Failures: 0, Errors: 0, Skipped: 0, Time elapsed: 0.275 sec
Running com.google.common.io.ByteStreamsTest
Tests run: 57, Failures: 0, Errors: 0, Skipped: 0, Time elapsed: 0.275 sec
Running com.google.common.io.CharSequenceReaderTest
Tests run: 5, Failures: 0, Errors: 0, Skipped: 0, Time elapsed: 0.003 sec
Running com.google.common.io.CharSinkTest
Tests run: 11, Failures: 0, Errors: 0, Skipped: 0, Time elapsed: 0.008 sec
Running com.google.common.io.CharSourceTest
Tests run: 1539, Failures: 0, Errors: 0, Skipped: 0, Time elapsed: 0.176 sec
Running com.google.common.io.CharStreamsTest
Tests run: 15, Failures: 0, Errors: 0, Skipped: 0, Time elapsed: 0.021 sec
Running com.google.common.io.CloseablesTest
Tests run: 8, Failures: 0, Errors: 0, Skipped: 0, Time elapsed: 0.054 sec
Running com.google.common.io.CloserTest
Tests run: 13, Failures: 0, Errors: 0, Skipped: 0, Time elapsed: 0.005 sec
Running com.google.common.io.CountingInputStreamTest
Tests run: 9, Failures: 0, Errors: 0, Skipped: 0, Time elapsed: 0.004 sec
Running com.google.common.io.CountingOutputStreamTest
Tests run: 1, Failures: 0, Errors: 0, Skipped: 0, Time elapsed: 0.003 sec
Running com.google.common.io.FileBackedOutputStreamTest
Tests run: 5, Failures: 0, Errors: 0, Skipped: 0, Time elapsed: 0.191 sec
Running com.google.common.io.FilesFileTraverserTest
Tests run: 8, Failures: 0, Errors: 0, Skipped: 0, Time elapsed: 0.024 sec
Running com.google.common.io.FilesSimplifyPathTest
Tests run: 34, Failures: 0, Errors: 0, Skipped: 0, Time elapsed: 0.794 sec
Running com.google.common.io.FilesTest
Tests run: 1161, Failures: 0, Errors: 0, Skipped: 0, Time elapsed: 4.493 sec
Running com.google.common.io.FlushablesTest
Tests run: 4, Failures: 0, Errors: 0, Skipped: 0, Time elapsed: 0.024 sec
Running com.google.common.io.LineBufferTest
Tests run: 1, Failures: 0, Errors: 0, Skipped: 0, Time elapsed: 0.025 sec
Running com.google.common.io.LittleEndianDataInputStreamTest
Tests run: 6, Failures: 0, Errors: 0, Skipped: 0, Time elapsed: 0.006 sec
Running com.google.common.io.LittleEndianDataOutputStreamTest
Tests run: 4, Failures: 0, Errors: 0, Skipped: 0, Time elapsed: 0.002 sec
Running com.google.common.io.MoreFilesFileTraverserTest
Tests run: 8, Failures: 0, Errors: 0, Skipped: 0, Time elapsed: 0.229 sec
Running com.google.common.io.MoreFilesTest
Tests run: 1151, Failures: 0, Errors: 0, Skipped: 0, Time elapsed: 15.742 sec
Running com.google.common.io.MultiInputStreamTest
Tests run: 6, Failures: 0, Errors: 0, Skipped: 0, Time elapsed: 1.613 sec
Running com.google.common.io.MultiReaderTest
Tests run: 5, Failures: 0, Errors: 0, Skipped: 0, Time elapsed: 0.01 sec
Running com.google.common.io.PatternFilenameFilterTest
Tests run: 3, Failures: 0, Errors: 0, Skipped: 0, Time elapsed: 0.024 sec
Running com.google.common.io.ResourcesTest
Tests run: 773, Failures: 0, Errors: 0, Skipped: 0, Time elapsed: 2.771 sec
Running com.google.common.math.BigDecimalMathTest
Tests run: 23, Failures: 0, Errors: 0, Skipped: 0, Time elapsed: 0.061 sec
Running com.google.common.math.BigIntegerMathTest
Tests run: 63, Failures: 0, Errors: 0, Skipped: 0, Time elapsed: 4.935 sec
Running com.google.common.math.DoubleMathTest
Tests run: 68, Failures: 0, Errors: 0, Skipped: 0, Time elapsed: 7.145 sec
Running com.google.common.math.DoubleUtilsTest
Tests run: 4, Failures: 0, Errors: 0, Skipped: 0, Time elapsed: 0.014 sec
Running com.google.common.math.IntMathTest
Tests run: 56, Failures: 0, Errors: 0, Skipped: 0, Time elapsed: 0.967 sec
Running com.google.common.math.LinearTransformationTest
Tests run: 25, Failures: 0, Errors: 0, Skipped: 0, Time elapsed: 0.006 sec
Running com.google.common.math.LongMathTest
Tests run: 69, Failures: 0, Errors: 0, Skipped: 0, Time elapsed: 49.566 sec
Running com.google.common.math.MathPreconditionsTest
Tests run: 45, Failures: 0, Errors: 0, Skipped: 0, Time elapsed: 0.003 sec
Running com.google.common.math.PairedStatsAccumulatorTest
Tests run: 8, Failures: 0, Errors: 0, Skipped: 0, Time elapsed: 0.021 sec
Running com.google.common.math.PairedStatsTest
Tests run: 15, Failures: 0, Errors: 0, Skipped: 0, Time elapsed: 0.024 sec
Running com.google.common.math.QuantilesAlgorithmTest
Tests run: 3, Failures: 0, Errors: 0, Skipped: 0, Time elapsed: 0.023 sec
Running com.google.common.math.QuantilesTest
Tests run: 58, Failures: 0, Errors: 0, Skipped: 0, Time elapsed: 8.397 sec
Running com.google.common.math.StatsAccumulatorTest
Tests run: 13, Failures: 0, Errors: 0, Skipped: 0, Time elapsed: 0.715 sec
Running com.google.common.math.StatsTest
Tests run: 24, Failures: 0, Errors: 0, Skipped: 0, Time elapsed: 1.045 sec
Running com.google.common.net.HostAndPortTest
Tests run: 14, Failures: 0, Errors: 0, Skipped: 0, Time elapsed: 0.008 sec
Running com.google.common.net.HostSpecifierTest
Tests run: 6, Failures: 0, Errors: 0, Skipped: 0, Time elapsed: 0.064 sec
Running com.google.common.net.HttpHeadersTest
Tests run: 1, Failures: 0, Errors: 0, Skipped: 0, Time elapsed: 0.005 sec
Running com.google.common.net.InetAddressesTest
Tests run: 43, Failures: 0, Errors: 0, Skipped: 0, Time elapsed: 0.031 sec
Running com.google.common.net.InternetDomainNameTest
Tests run: 23, Failures: 0, Errors: 0, Skipped: 0, Time elapsed: 0.027 sec
Running com.google.common.net.MediaTypeTest
Tests run: 49, Failures: 0, Errors: 0, Skipped: 0, Time elapsed: 0.054 sec
Running com.google.common.net.PercentEscaperTest
Tests run: 7, Failures: 0, Errors: 0, Skipped: 0, Time elapsed: 0.007 sec
Running com.google.common.net.UrlEscapersTest
Tests run: 3, Failures: 0, Errors: 0, Skipped: 0, Time elapsed: 0.003 sec
Running com.google.common.primitives.BooleansTest
Tests run: 32, Failures: 0, Errors: 0, Skipped: 0, Time elapsed: 0.109 sec
Running com.google.common.primitives.ByteArrayAsListTest
Tests run: 896, Failures: 0, Errors: 0, Skipped: 0, Time elapsed: 0.298 sec
Running com.google.common.primitives.BytesTest
Tests run: 21, Failures: 0, Errors: 0, Skipped: 0, Time elapsed: 0.012 sec
Running com.google.common.primitives.CharArrayAsListTest
Tests run: 896, Failures: 0, Errors: 0, Skipped: 0, Time elapsed: 0.285 sec
Running com.google.common.primitives.CharsTest
Tests run: 38, Failures: 0, Errors: 0, Skipped: 0, Time elapsed: 0.682 sec
Running com.google.common.primitives.DoubleArrayAsListTest
Tests run: 896, Failures: 0, Errors: 0, Skipped: 0, Time elapsed: 0.177 sec
Running com.google.common.primitives.DoublesTest
Tests run: 48, Failures: 0, Errors: 0, Skipped: 0, Time elapsed: 8.413 sec
Running com.google.common.primitives.FloatArrayAsListTest
Tests run: 896, Failures: 0, Errors: 0, Skipped: 0, Time elapsed: 0.529 sec
Running com.google.common.primitives.FloatsTest
Tests run: 47, Failures: 0, Errors: 0, Skipped: 0, Time elapsed: 8.556 sec
Running com.google.common.primitives.ImmutableDoubleArrayTest
Tests run: 2334, Failures: 0, Errors: 0, Skipped: 0, Time elapsed: 13.394 sec
Running com.google.common.primitives.ImmutableIntArrayTest
Tests run: 2333, Failures: 0, Errors: 0, Skipped: 0, Time elapsed: 9.128 sec
Running com.google.common.primitives.ImmutableLongArrayTest
Tests run: 2333, Failures: 0, Errors: 0, Skipped: 0, Time elapsed: 8.504 sec
Running com.google.common.primitives.IntArrayAsListTest
Tests run: 896, Failures: 0, Errors: 0, Skipped: 0, Time elapsed: 0.214 sec
Running com.google.common.primitives.IntsTest
Tests run: 50, Failures: 0, Errors: 0, Skipped: 0, Time elapsed: 0.028 sec
Running com.google.common.primitives.LongArrayAsListTest
Tests run: 896, Failures: 0, Errors: 0, Skipped: 0, Time elapsed: 0.151 sec
Running com.google.common.primitives.LongsTest
Tests run: 48, Failures: 0, Errors: 0, Skipped: 0, Time elapsed: 0.013 sec
Running com.google.common.primitives.PrimitivesTest
Tests run: 6, Failures: 0, Errors: 0, Skipped: 0, Time elapsed: 0.003 sec
Running com.google.common.primitives.ShortArrayAsListTest
Tests run: 896, Failures: 0, Errors: 0, Skipped: 0, Time elapsed: 0.22 sec
Running com.google.common.primitives.ShortsTest
Tests run: 45, Failures: 0, Errors: 0, Skipped: 0, Time elapsed: 0.039 sec
Running com.google.common.primitives.SignedBytesTest
Tests run: 13, Failures: 0, Errors: 0, Skipped: 0, Time elapsed: 0.004 sec
Running com.google.common.primitives.UnsignedBytesTest
Tests run: 23, Failures: 0, Errors: 0, Skipped: 0, Time elapsed: 0.047 sec
Running com.google.common.primitives.UnsignedIntegerTest
Tests run: 21, Failures: 0, Errors: 0, Skipped: 0, Time elapsed: 0.04 sec
Running com.google.common.primitives.UnsignedIntsTest
Tests run: 26, Failures: 0, Errors: 0, Skipped: 0, Time elapsed: 0.238 sec
Running com.google.common.primitives.UnsignedLongTest
Tests run: 21, Failures: 0, Errors: 0, Skipped: 0, Time elapsed: 0.075 sec
Running com.google.common.primitives.UnsignedLongsTest
Tests run: 24, Failures: 0, Errors: 0, Skipped: 0, Time elapsed: 0.495 sec
Running com.google.common.reflect.AbstractInvocationHandlerTest
Tests run: 3, Failures: 0, Errors: 0, Skipped: 0, Time elapsed: 0.056 sec
Running com.google.common.reflect.ClassPathTest
Tests run: 44, Failures: 0, Errors: 0, Skipped: 0, Time elapsed: 2.297 sec
Running com.google.common.reflect.ImmutableTypeToInstanceMapTest
Tests run: 712, Failures: 0, Errors: 0, Skipped: 0, Time elapsed: 0.292 sec
Running com.google.common.reflect.InvokableTest
Tests run: 62, Failures: 0, Errors: 0, Skipped: 0, Time elapsed: 0.09 sec
Running com.google.common.reflect.MutableTypeToInstanceMapTest
Tests run: 831, Failures: 0, Errors: 0, Skipped: 0, Time elapsed: 0.282 sec
Running com.google.common.reflect.ParameterTest
Tests run: 2, Failures: 0, Errors: 0, Skipped: 0, Time elapsed: 0.005 sec
Running com.google.common.reflect.ReflectionTest
Tests run: 5, Failures: 0, Errors: 0, Skipped: 0, Time elapsed: 0.012 sec
Running com.google.common.reflect.TypeParameterTest
Tests run: 4, Failures: 0, Errors: 0, Skipped: 0, Time elapsed: 0.018 sec
Running com.google.common.reflect.TypeResolverTest
Tests run: 27, Failures: 0, Errors: 0, Skipped: 0, Time elapsed: 0.178 sec
Running com.google.common.reflect.TypeTokenResolutionTest
Tests run: 36, Failures: 0, Errors: 0, Skipped: 0, Time elapsed: 0.209 sec
Running com.google.common.reflect.TypeTokenSubtypeTest
Tests run: 10, Failures: 0, Errors: 0, Skipped: 0, Time elapsed: 0.078 sec
Running com.google.common.reflect.TypeTokenTest
Tests run: 172, Failures: 0, Errors: 0, Skipped: 0, Time elapsed: 1.131 sec
Running com.google.common.reflect.TypeVisitorTest
Tests run: 7, Failures: 0, Errors: 0, Skipped: 0, Time elapsed: 0.035 sec
Running com.google.common.reflect.TypesTest
Tests run: 26, Failures: 0, Errors: 0, Skipped: 0, Time elapsed: 0.053 sec
Running com.google.common.util.concurrent.AbstractExecutionThreadServiceTest
Tests run: 12, Failures: 0, Errors: 0, Skipped: 0, Time elapsed: 0.169 sec
Running com.google.common.util.concurrent.AbstractFutureCancellationCauseTest
Tests run: 3, Failures: 0, Errors: 0, Skipped: 0, Time elapsed: 0.065 sec
Running com.google.common.util.concurrent.AbstractFutureFallbackAtomicHelperTest
Tests run: 43, Failures: 0, Errors: 0, Skipped: 0, Time elapsed: 134.014 sec
Running com.google.common.util.concurrent.AbstractFutureInnocuousThreadTest
Tests run: 1, Failures: 0, Errors: 0, Skipped: 0, Time elapsed: 0.063 sec
Running com.google.common.util.concurrent.AbstractFutureTest
Tests run: 43, Failures: 0, Errors: 0, Skipped: 0, Time elapsed: 58.624 sec
Running com.google.common.util.concurrent.AbstractIdleServiceTest
Tests run: 10, Failures: 0, Errors: 0, Skipped: 0, Time elapsed: 0.044 sec
Running com.google.common.util.concurrent.AbstractListeningExecutorServiceTest
Tests run: 1, Failures: 0, Errors: 0, Skipped: 0, Time elapsed: 0.021 sec
Running com.google.common.util.concurrent.AbstractScheduledServiceTest
Tests run: 20, Failures: 0, Errors: 0, Skipped: 0, Time elapsed: 12.421 sec
Running com.google.common.util.concurrent.AbstractServiceTest
Tests run: 38, Failures: 0, Errors: 0, Skipped: 0, Time elapsed: 0.082 sec
Running com.google.common.util.concurrent.AggregateFutureStateFallbackAtomicHelperTest
Tests run: 160, Failures: 0, Errors: 0, Skipped: 0, Time elapsed: 7.543 sec
Running com.google.common.util.concurrent.AtomicDoubleArrayTest
Tests run: 27, Failures: 0, Errors: 0, Skipped: 0, Time elapsed: 0.645 sec
Running com.google.common.util.concurrent.AtomicDoubleTest
Tests run: 25, Failures: 0, Errors: 0, Skipped: 0, Time elapsed: 0.03 sec
Running com.google.common.util.concurrent.AtomicLongMapBasherTest
Tests run: 1, Failures: 0, Errors: 0, Skipped: 0, Time elapsed: 2.522 sec
Running com.google.common.util.concurrent.AtomicLongMapTest
Tests run: 31, Failures: 0, Errors: 0, Skipped: 0, Time elapsed: 0.024 sec
Running com.google.common.util.concurrent.AtomicsTest
Tests run: 7, Failures: 0, Errors: 0, Skipped: 0, Time elapsed: 0.008 sec
Running com.google.common.util.concurrent.CallablesTest
Tests run: 6, Failures: 0, Errors: 0, Skipped: 0, Time elapsed: 0.047 sec
Running com.google.common.util.concurrent.ClosingFutureFinishToFutureTest
Tests run: 65, Failures: 0, Errors: 0, Skipped: 0, Time elapsed: 57.756 sec
Running com.google.common.util.concurrent.ClosingFutureFinishToValueAndCloserTest
Tests run: 64, Failures: 0, Errors: 0, Skipped: 0, Time elapsed: 57.444 sec
Running com.google.common.util.concurrent.CycleDetectingLockFactoryTest
Tests run: 23, Failures: 0, Errors: 0, Skipped: 0, Time elapsed: 0.261 sec
Running com.google.common.util.concurrent.ExecutionListTest
Tests run: 7, Failures: 0, Errors: 0, Skipped: 0, Time elapsed: 0.039 sec
Running com.google.common.util.concurrent.ExecutionSequencerTest
Tests run: 11, Failures: 0, Errors: 0, Skipped: 0, Time elapsed: 1.616 sec
Running com.google.common.util.concurrent.FakeTimeLimiterTest
Tests run: 7, Failures: 0, Errors: 0, Skipped: 0, Time elapsed: 0.024 sec
Running com.google.common.util.concurrent.FluentFutureTest
Tests run: 9, Failures: 0, Errors: 0, Skipped: 0, Time elapsed: 0.033 sec
Running com.google.common.util.concurrent.ForwardingBlockingDequeTest
Tests run: 1, Failures: 0, Errors: 0, Skipped: 0, Time elapsed: 0.602 sec
Running com.google.common.util.concurrent.ForwardingBlockingQueueTest
Tests run: 1, Failures: 0, Errors: 0, Skipped: 0, Time elapsed: 0.233 sec
Running com.google.common.util.concurrent.ForwardingExecutorServiceTest
Tests run: 1, Failures: 0, Errors: 0, Skipped: 0, Time elapsed: 0.145 sec
Running com.google.common.util.concurrent.ForwardingFutureTest
Tests run: 1, Failures: 0, Errors: 0, Skipped: 0, Time elapsed: 0.032 sec
Running com.google.common.util.concurrent.ForwardingListenableFutureTest
Tests run: 1, Failures: 0, Errors: 0, Skipped: 0, Time elapsed: 0.046 sec
Running com.google.common.util.concurrent.ForwardingListeningExecutorServiceTest
Tests run: 1, Failures: 0, Errors: 0, Skipped: 0, Time elapsed: 0.085 sec
Running com.google.common.util.concurrent.ForwardingObjectTesterTest
Tests run: 2, Failures: 0, Errors: 0, Skipped: 0, Time elapsed: 0.035 sec
Running com.google.common.util.concurrent.FutureCallbackTest
Tests run: 9, Failures: 0, Errors: 0, Skipped: 0, Time elapsed: 0.014 sec
Running com.google.common.util.concurrent.FuturesGetCheckedTest
Tests run: 32, Failures: 0, Errors: 0, Skipped: 0, Time elapsed: 0.208 sec
Running com.google.common.util.concurrent.FuturesGetDoneTest
Tests run: 5, Failures: 0, Errors: 0, Skipped: 0, Time elapsed: 0.003 sec
Running com.google.common.util.concurrent.FuturesGetUncheckedTest
Tests run: 9, Failures: 0, Errors: 0, Skipped: 0, Time elapsed: 0.003 sec
Running com.google.common.util.concurrent.FuturesTest
Tests run: 160, Failures: 0, Errors: 0, Skipped: 0, Time elapsed: 6.063 sec
Running com.google.common.util.concurrent.FuturesTransformAsyncTest
Tests run: 15, Failures: 0, Errors: 0, Skipped: 0, Time elapsed: 0.012 sec
Running com.google.common.util.concurrent.FuturesTransformTest
Tests run: 7, Failures: 0, Errors: 0, Skipped: 0, Time elapsed: 0.005 sec
Running com.google.common.util.concurrent.GeneratedMonitorTest
Tests run: 980, Failures: 0, Errors: 0, Skipped: 0, Time elapsed: 10.464 sec
Running com.google.common.util.concurrent.InterruptibleMonitorTest
Tests run: 16, Failures: 0, Errors: 0, Skipped: 0, Time elapsed: 0.835 sec
Running com.google.common.util.concurrent.InterruptibleTaskTest
Tests run: 2, Failures: 0, Errors: 0, Skipped: 0, Time elapsed: 0.039 sec
Running com.google.common.util.concurrent.JdkFutureAdaptersTest
Tests run: 6, Failures: 0, Errors: 0, Skipped: 0, Time elapsed: 0.02 sec
Running com.google.common.util.concurrent.ListenableFutureTaskTest
Tests run: 4, Failures: 0, Errors: 0, Skipped: 0, Time elapsed: 0.011 sec
Running com.google.common.util.concurrent.ListenerCallQueueTest
Tests run: 6, Failures: 0, Errors: 0, Skipped: 0, Time elapsed: 0.029 sec
Running com.google.common.util.concurrent.ListeningScheduledExecutorServiceTest
Tests run: 4, Failures: 0, Errors: 0, Skipped: 0, Time elapsed: 0.012 sec
Running com.google.common.util.concurrent.MoreExecutorsTest
Tests run: 34, Failures: 0, Errors: 0, Skipped: 0, Time elapsed: 0.815 sec
Running com.google.common.util.concurrent.RateLimiterTest
Tests run: 31, Failures: 0, Errors: 0, Skipped: 0, Time elapsed: 1.871 sec
Running com.google.common.util.concurrent.RunnablesTest
Tests run: 1, Failures: 0, Errors: 0, Skipped: 0, Time elapsed: 0 sec
Running com.google.common.util.concurrent.SequentialExecutorTest
Tests run: 11, Failures: 0, Errors: 0, Skipped: 0, Time elapsed: 0.072 sec
Running com.google.common.util.concurrent.ServiceManagerTest
Tests run: 20, Failures: 0, Errors: 0, Skipped: 0, Time elapsed: 3.734 sec
Running com.google.common.util.concurrent.ServiceTest
Tests run: 1, Failures: 0, Errors: 0, Skipped: 0, Time elapsed: 0.001 sec
Running com.google.common.util.concurrent.SettableFutureTest
Tests run: 16, Failures: 0, Errors: 0, Skipped: 0, Time elapsed: 0.098 sec
Running com.google.common.util.concurrent.SimpleTimeLimiterTest
Tests run: 16, Failures: 0, Errors: 0, Skipped: 0, Time elapsed: 10.62 sec
Running com.google.common.util.concurrent.StripedTest
Tests run: 9, Failures: 0, Errors: 0, Skipped: 0, Time elapsed: 7.723 sec
Running com.google.common.util.concurrent.SupplementalMonitorTest
Tests run: 6, Failures: 0, Errors: 0, Skipped: 0, Time elapsed: 0.007 sec
Running com.google.common.util.concurrent.ThreadFactoryBuilderTest
Tests run: 14, Failures: 0, Errors: 0, Skipped: 0, Time elapsed: 0.014 sec
Running com.google.common.util.concurrent.TrustedInputFutureTest
Tests run: 35, Failures: 0, Errors: 0, Skipped: 0, Time elapsed: 0.058 sec
Running com.google.common.util.concurrent.TrustedListenableFutureTaskTest
Tests run: 6, Failures: 0, Errors: 0, Skipped: 0, Time elapsed: 0.504 sec
Running com.google.common.util.concurrent.UncaughtExceptionHandlersTest
Tests run: 1, Failures: 0, Errors: 0, Skipped: 0, Time elapsed: 0.056 sec
Running com.google.common.util.concurrent.UninterruptibleFutureTest
Tests run: 11, Failures: 0, Errors: 0, Skipped: 0, Time elapsed: 2.028 sec
Running com.google.common.util.concurrent.UninterruptibleMonitorTest
Tests run: 16, Failures: 0, Errors: 0, Skipped: 0, Time elapsed: 0.782 sec
Running com.google.common.util.concurrent.UninterruptiblesTest
Tests run: 49, Failures: 0, Errors: 0, Skipped: 0, Time elapsed: 12.85 sec
Running com.google.common.util.concurrent.UntrustedInputFutureTest
Tests run: 35, Failures: 0, Errors: 0, Skipped: 0, Time elapsed: 0.032 sec
Running com.google.common.util.concurrent.WrappingExecutorServiceTest
Tests run: 5, Failures: 0, Errors: 0, Skipped: 0, Time elapsed: 0.001 sec
Running com.google.common.util.concurrent.WrappingScheduledExecutorServiceTest
Tests run: 2, Failures: 0, Errors: 0, Skipped: 0, Time elapsed: 0.007 sec
Running com.google.common.xml.XmlEscapersTest
Tests run: 2, Failures: 0, Errors: 0, Skipped: 0, Time elapsed: 0.1 sec

Results :

Tests run: 856535, Failures: 0, Errors: 0, Skipped: 515

[2022-12-01T22:49:27.964Z] [main] [INFO] 
[2022-12-01T22:49:27.967Z] [main] [INFO] --- animal-sniffer-maven-plugin:1.22:check (check-java-version-compatibility) @ guava-tests ---
[2022-12-01T22:49:27.979Z] [main] [INFO] Checking unresolved references to org.codehaus.mojo.signature:java18:1.0
[2022-12-01T22:49:28.030Z] [main] [INFO] 
[2022-12-01T22:49:28.031Z] [main] [INFO] --- maven-jar-plugin:3.2.0:jar (default-jar) @ guava-tests ---
[2022-12-01T22:49:28.041Z] [main] [INFO] Skipping packaging of the jar
[2022-12-01T22:49:28.042Z] [main] [INFO] 
[2022-12-01T22:49:28.042Z] [main] [INFO] --- maven-jar-plugin:3.2.0:test-jar (create-test-jar) @ guava-tests ---
[2022-12-01T22:49:28.854Z] [main] [INFO] Building jar: /Users/Stefan/git/guava/guava-tests/target/guava-tests-HEAD-jre-SNAPSHOT-tests.jar
[2022-12-01T22:49:30.170Z] [main] [INFO] 
[2022-12-01T22:49:30.171Z] [main] [INFO] --- maven-javadoc-plugin:3.4.1:jar (attach-docs) @ guava-tests ---
[2022-12-01T22:49:30.192Z] [main] [INFO] 
[2022-12-01T22:49:30.193Z] [main] [INFO] >>> maven-source-plugin:3.2.1:jar (attach-sources) > generate-sources @ guava-tests >>>
[2022-12-01T22:49:30.206Z] [main] [INFO] 
[2022-12-01T22:49:30.206Z] [main] [INFO] --- maven-enforcer-plugin:3.0.0-M3:enforce (enforce-versions) @ guava-tests ---
[2022-12-01T22:49:30.208Z] [main] [INFO] 
[2022-12-01T22:49:30.208Z] [main] [INFO] <<< maven-source-plugin:3.2.1:jar (attach-sources) < generate-sources @ guava-tests <<<
[2022-12-01T22:49:30.209Z] [main] [INFO] 
[2022-12-01T22:49:30.209Z] [main] [INFO] 
[2022-12-01T22:49:30.209Z] [main] [INFO] --- maven-source-plugin:3.2.1:jar (attach-sources) @ guava-tests ---
[2022-12-01T22:49:30.215Z] [main] [INFO] No sources in project. Archive not created.
[2022-12-01T22:49:30.215Z] [main] [INFO] 
[2022-12-01T22:49:30.215Z] [main] [INFO] >>> maven-source-plugin:3.2.1:test-jar (attach-test-sources) > generate-sources @ guava-tests >>>
[2022-12-01T22:49:30.216Z] [main] [INFO] 
[2022-12-01T22:49:30.216Z] [main] [INFO] --- maven-enforcer-plugin:3.0.0-M3:enforce (enforce-versions) @ guava-tests ---
[2022-12-01T22:49:30.217Z] [main] [INFO] 
[2022-12-01T22:49:30.217Z] [main] [INFO] <<< maven-source-plugin:3.2.1:test-jar (attach-test-sources) < generate-sources @ guava-tests <<<
[2022-12-01T22:49:30.217Z] [main] [INFO] 
[2022-12-01T22:49:30.217Z] [main] [INFO] 
[2022-12-01T22:49:30.218Z] [main] [INFO] --- maven-source-plugin:3.2.1:test-jar (attach-test-sources) @ guava-tests ---
[2022-12-01T22:49:30.628Z] [main] [INFO] Building jar: /Users/Stefan/git/guava/guava-tests/target/guava-tests-HEAD-jre-SNAPSHOT-test-sources.jar
[2022-12-01T22:49:31.321Z] [main] [INFO] 
[2022-12-01T22:49:31.321Z] [main] [INFO] --- maven-install-plugin:2.4:install (default-install) @ guava-tests ---
[2022-12-01T22:49:31.323Z] [main] [INFO] No primary artifact to install, installing attached artifacts instead.
[2022-12-01T22:49:31.324Z] [main] [INFO] Installing /Users/Stefan/git/guava/guava-tests/pom.xml to /Users/Stefan/.m2/repository/com/google/guava/guava-tests/HEAD-jre-SNAPSHOT/guava-tests-HEAD-jre-SNAPSHOT.pom
[2022-12-01T22:49:31.348Z] [main] [INFO] Installing /Users/Stefan/git/guava/guava-tests/target/guava-tests-HEAD-jre-SNAPSHOT-tests.jar to /Users/Stefan/.m2/repository/com/google/guava/guava-tests/HEAD-jre-SNAPSHOT/guava-tests-HEAD-jre-SNAPSHOT-tests.jar
[2022-12-01T22:49:31.372Z] [main] [INFO] Installing /Users/Stefan/git/guava/guava-tests/target/guava-tests-HEAD-jre-SNAPSHOT-test-sources.jar to /Users/Stefan/.m2/repository/com/google/guava/guava-tests/HEAD-jre-SNAPSHOT/guava-tests-HEAD-jre-SNAPSHOT-test-sources.jar
[2022-12-01T22:49:31.390Z] [main] [INFO] 
[2022-12-01T22:49:31.391Z] [main] [INFO] ---------------------< com.google.guava:guava-gwt >---------------------
[2022-12-01T22:49:31.391Z] [main] [INFO] Building Guava GWT compatible libs HEAD-jre-SNAPSHOT               [6/6]
[2022-12-01T22:49:31.391Z] [main] [INFO] --------------------------------[ jar ]---------------------------------
[2022-12-01T22:49:32.654Z] [main] [INFO] 
[2022-12-01T22:49:32.654Z] [main] [INFO] --- maven-clean-plugin:2.5:clean (default-clean) @ guava-gwt ---
[2022-12-01T22:49:32.701Z] [main] [INFO] Deleting /Users/Stefan/git/guava/guava-gwt/target
[2022-12-01T22:49:34.864Z] [main] [INFO] 
[2022-12-01T22:49:34.864Z] [main] [INFO] --- maven-enforcer-plugin:3.0.0-M3:enforce (enforce-versions) @ guava-gwt ---
[2022-12-01T22:49:35.077Z] [main] [INFO] 
[2022-12-01T22:49:35.078Z] [main] [INFO] --- maven-dependency-plugin:3.1.1:unpack-dependencies (unpack-failureaccess-sources) @ guava-gwt ---
[2022-12-01T22:49:35.975Z] [main] [INFO] Unpacking /Users/Stefan/.m2/repository/com/google/guava/failureaccess/1.0.1/failureaccess-1.0.1-sources.jar to /Users/Stefan/git/guava/guava-gwt/target/failureaccess-sources with includes "" and excludes "META-INF/MANIFEST.MF"
[2022-12-01T22:49:36.140Z] [main] [INFO] 
[2022-12-01T22:49:36.140Z] [main] [INFO] --- maven-dependency-plugin:3.1.1:unpack-dependencies (unpack-guava-sources) @ guava-gwt ---
[2022-12-01T22:49:36.143Z] [main] [INFO] Unpacking /Users/Stefan/git/guava/guava/target/guava-HEAD-jre-SNAPSHOT-sources.jar to /Users/Stefan/git/guava/guava-gwt/target/guava-sources with includes "" and excludes "META-INF/MANIFEST.MF"
[2022-12-01T22:49:37.661Z] [main] [INFO] 
[2022-12-01T22:49:37.661Z] [main] [INFO] --- maven-dependency-plugin:3.1.1:unpack-dependencies (unpack-guava-testlib-sources) @ guava-gwt ---
[2022-12-01T22:49:37.663Z] [main] [INFO] Unpacking /Users/Stefan/git/guava/guava-testlib/target/guava-testlib-HEAD-jre-SNAPSHOT-sources.jar to /Users/Stefan/git/guava/guava-gwt/target/guava-test-sources with includes "" and excludes "META-INF/MANIFEST.MF"
[2022-12-01T22:49:38.284Z] [main] [INFO] 
[2022-12-01T22:49:38.285Z] [main] [INFO] --- maven-dependency-plugin:3.1.1:unpack-dependencies (unpack-guava-testlib-test-sources) @ guava-gwt ---
[2022-12-01T22:49:38.289Z] [main] [INFO] Unpacking /Users/Stefan/git/guava/guava-testlib/target/guava-testlib-HEAD-jre-SNAPSHOT-test-sources.jar to /Users/Stefan/git/guava/guava-gwt/target/guava-test-sources with includes "" and excludes "META-INF/MANIFEST.MF"
[2022-12-01T22:49:38.357Z] [main] [INFO] 
[2022-12-01T22:49:38.357Z] [main] [INFO] --- maven-dependency-plugin:3.1.1:unpack-dependencies (unpack-guava-test-sources) @ guava-gwt ---
[2022-12-01T22:49:38.360Z] [main] [INFO] Unpacking /Users/Stefan/git/guava/guava-tests/target/guava-tests-HEAD-jre-SNAPSHOT-test-sources.jar to /Users/Stefan/git/guava/guava-gwt/target/guava-test-sources with includes "" and excludes "META-INF/MANIFEST.MF"
[2022-12-01T22:49:39.819Z] [main] [INFO] 
[2022-12-01T22:49:39.820Z] [main] [INFO] --- maven-antrun-plugin:1.6:run (copy-gwt-files) @ guava-gwt ---
[2022-12-01T22:49:40.820Z] [main] [INFO] Executing tasks

copy-gwt-resources:
     [copy] Copying 355 files to /Users/Stefan/git/guava/guava-gwt/target/guava-gwt-sources
     [copy] Copied 28 empty directories to 3 empty directories under /Users/Stefan/git/guava/guava-gwt/target/guava-gwt-sources
     [copy] Copying 1 file to /Users/Stefan/git/guava/guava-gwt/target/guava-gwt-sources
     [copy] Copying 1 file to /Users/Stefan/git/guava/guava-gwt/target/guava-gwt-sources
     [copy] Copying 1 file to /Users/Stefan/git/guava/guava-gwt/target/guava-gwt-sources
     [copy] Copying 489 files to /Users/Stefan/git/guava/guava-gwt/target/guava-test-gwt-sources
     [copy] Copied 37 empty directories to 8 empty directories under /Users/Stefan/git/guava/guava-gwt/target/guava-test-gwt-sources
[2022-12-01T22:49:49.787Z] [main] [INFO] Executed tasks
[2022-12-01T22:49:49.787Z] [main] [INFO] 
[2022-12-01T22:49:49.787Z] [main] [INFO] --- maven-resources-plugin:2.6:resources (default-resources) @ guava-gwt ---
[2022-12-01T22:49:49.959Z] [main] [INFO] Using 'UTF-8' encoding to copy filtered resources.
[2022-12-01T22:49:49.994Z] [main] [INFO] Copying 17 resources
[2022-12-01T22:49:50.110Z] [main] [INFO] Copying 56 resources
[2022-12-01T22:49:50.378Z] [main] [INFO] Copying 358 resources
[2022-12-01T22:49:50.761Z] [main] [INFO] 
[2022-12-01T22:49:50.761Z] [main] [INFO] --- maven-compiler-plugin:3.8.1:compile (default-compile) @ guava-gwt ---
[2022-12-01T22:49:51.208Z] [main] [INFO] Nothing to compile - all classes are up to date
[2022-12-01T22:49:51.209Z] [main] [INFO] 
[2022-12-01T22:49:51.209Z] [main] [INFO] --- maven-resources-plugin:2.6:testResources (default-testResources) @ guava-gwt ---
[2022-12-01T22:49:51.211Z] [main] [INFO] Using 'UTF-8' encoding to copy filtered resources.
[2022-12-01T22:49:51.218Z] [main] [INFO] Copying 6 resources
[2022-12-01T22:49:51.250Z] [main] [INFO] Copying 6 resources
[2022-12-01T22:49:51.345Z] [main] [INFO] Copying 489 resources
[2022-12-01T22:49:52.531Z] [main] [INFO] 
[2022-12-01T22:49:52.531Z] [main] [INFO] --- maven-compiler-plugin:3.8.1:testCompile (default-testCompile) @ guava-gwt ---
[2022-12-01T22:49:52.756Z] [main] [INFO] Changes detected - recompiling the module!
[2022-12-01T22:49:52.798Z] [main] [INFO] Compiling 2 source files to /Users/Stefan/git/guava/guava-gwt/target/test-classes
[2022-12-01T22:49:58.934Z] [main] [INFO] 
[2022-12-01T22:49:58.935Z] [main] [INFO] --- maven-surefire-plugin:2.7.2:test (default-test) @ guava-gwt ---
[2022-12-01T22:49:59.030Z] [main] [INFO] Tests are skipped.
[2022-12-01T22:49:59.030Z] [main] [INFO] 
[2022-12-01T22:49:59.030Z] [main] [INFO] --- gwt-maven-plugin:2.8.2:compile (gwt-compile) @ guava-gwt ---
[2022-12-01T22:51:34.733Z] [main] [INFO] 
[2022-12-01T22:51:34.739Z] [main] [INFO] --- maven-jar-plugin:3.2.0:jar (default-jar) @ guava-gwt ---
[2022-12-01T22:51:36.113Z] [main] [INFO] Building jar: /Users/Stefan/git/guava/guava-gwt/target/guava-gwt-HEAD-jre-SNAPSHOT.jar
[2022-12-01T22:51:36.948Z] [main] [INFO] 
[2022-12-01T22:51:36.948Z] [main] [INFO] --- gwt-maven-plugin:2.8.2:test (gwt-test) @ guava-gwt ---
[2022-12-01T22:51:39.512Z] [Thread-33] [INFO] 
[2022-12-01T22:51:39.513Z] [Thread-33] [INFO] -------------------------------------------------------
[2022-12-01T22:51:39.513Z] [Thread-33] [INFO]  T E S T S
[2022-12-01T22:51:39.513Z] [Thread-33] [INFO] -------------------------------------------------------
[2022-12-01T22:51:39.538Z] [Thread-33] [INFO] Running com.google.gwt.junit.tools.GWTTestSuite@1554909b
[2022-12-01T22:51:39.619Z] [Thread-33] [INFO] Tests run: 0, Failures: 0, Errors: 0, Skipped: 0, Time elapsed: 0.081 sec
[2022-12-01T22:51:39.619Z] [Thread-33] [INFO] 
[2022-12-01T22:51:39.620Z] [Thread-33] [INFO] Results :
[2022-12-01T22:51:39.620Z] [Thread-33] [INFO] 
[2022-12-01T22:51:39.620Z] [Thread-33] [INFO] Tests run: 0, Failures: 0, Errors: 0, Skipped: 0
[2022-12-01T22:51:39.620Z] [Thread-33] [INFO] 
[2022-12-01T22:51:40.232Z] [main] [INFO] 
[2022-12-01T22:51:40.232Z] [main] [INFO] >>> maven-source-plugin:3.2.1:jar (attach-sources) > generate-sources @ guava-gwt >>>
[2022-12-01T22:51:40.240Z] [main] [INFO] 
[2022-12-01T22:51:40.241Z] [main] [INFO] --- maven-enforcer-plugin:3.0.0-M3:enforce (enforce-versions) @ guava-gwt ---
[2022-12-01T22:51:40.245Z] [main] [INFO] 
[2022-12-01T22:51:40.246Z] [main] [INFO] <<< maven-source-plugin:3.2.1:jar (attach-sources) < generate-sources @ guava-gwt <<<
[2022-12-01T22:51:40.246Z] [main] [INFO] 
[2022-12-01T22:51:40.246Z] [main] [INFO] 
[2022-12-01T22:51:40.246Z] [main] [INFO] --- maven-source-plugin:3.2.1:jar (attach-sources) @ guava-gwt ---
[2022-12-01T22:51:41.247Z] [main] [INFO] Building jar: /Users/Stefan/git/guava/guava-gwt/target/guava-gwt-HEAD-jre-SNAPSHOT-sources.jar
[2022-12-01T22:51:42.046Z] [main] [INFO] 
[2022-12-01T22:51:42.047Z] [main] [INFO] --- maven-javadoc-plugin:3.4.1:jar (attach-docs) @ guava-gwt ---
[2022-12-01T22:51:43.304Z] [main] [INFO] 
[2022-12-01T22:51:43.304Z] [main] [INFO] --- maven-install-plugin:2.4:install (default-install) @ guava-gwt ---
[2022-12-01T22:51:43.403Z] [main] [INFO] Installing /Users/Stefan/git/guava/guava-gwt/target/guava-gwt-HEAD-jre-SNAPSHOT.jar to /Users/Stefan/.m2/repository/com/google/guava/guava-gwt/HEAD-jre-SNAPSHOT/guava-gwt-HEAD-jre-SNAPSHOT.jar
[2022-12-01T22:51:43.421Z] [main] [INFO] Installing /Users/Stefan/git/guava/guava-gwt/pom.xml to /Users/Stefan/.m2/repository/com/google/guava/guava-gwt/HEAD-jre-SNAPSHOT/guava-gwt-HEAD-jre-SNAPSHOT.pom
[2022-12-01T22:51:43.435Z] [main] [INFO] Installing /Users/Stefan/git/guava/guava-gwt/target/guava-gwt-HEAD-jre-SNAPSHOT-sources.jar to /Users/Stefan/.m2/repository/com/google/guava/guava-gwt/HEAD-jre-SNAPSHOT/guava-gwt-HEAD-jre-SNAPSHOT-sources.jar
[2022-12-01T22:51:43.449Z] [main] [INFO] ------------------------------------------------------------------------
[2022-12-01T22:51:43.451Z] [main] [INFO] Reactor Summary for Guava Maven Parent HEAD-jre-SNAPSHOT:
[2022-12-01T22:51:43.451Z] [main] [INFO] 
[2022-12-01T22:51:43.452Z] [main] [INFO] Guava Maven Parent ................................. SUCCESS [  3.707 s]
[2022-12-01T22:51:43.452Z] [main] [INFO] Guava: Google Core Libraries for Java .............. SUCCESS [02:05 min]
[2022-12-01T22:51:43.452Z] [main] [INFO] Guava BOM .......................................... SUCCESS [  0.384 s]
[2022-12-01T22:51:43.452Z] [main] [INFO] Guava Testing Library .............................. SUCCESS [06:01 min]
[2022-12-01T22:51:43.452Z] [main] [INFO] Guava Unit Tests ................................... SUCCESS [20:54 min]
[2022-12-01T22:51:43.452Z] [main] [INFO] Guava GWT compatible libs .......................... SUCCESS [02:12 min]
[2022-12-01T22:51:43.453Z] [main] [INFO] ------------------------------------------------------------------------
[2022-12-01T22:51:43.453Z] [main] [INFO] BUILD SUCCESS
[2022-12-01T22:51:43.453Z] [main] [INFO] ------------------------------------------------------------------------
[2022-12-01T22:51:43.453Z] [main] [INFO] Total time:  31:20 min
[2022-12-01T22:51:43.453Z] [main] [INFO] Finished at: 2022-12-01T22:51:43+01:00
[2022-12-01T22:51:43.454Z] [main] [INFO] ------------------------------------------------------------------------
