2024-06-18 20:59:29,599 [main] [INFO] Scanning for projects...
2024-06-18 20:59:29,816 [main] [INFO] 
2024-06-18 20:59:29,816 [main] [INFO] ----------------------< de.sroeck:tracks-backend >----------------------
2024-06-18 20:59:29,816 [main] [INFO] Building tracks-backend 0.0.1-SNAPSHOT
2024-06-18 20:59:29,816 [main] [INFO]   from pom.xml
2024-06-18 20:59:29,816 [main] [INFO] --------------------------------[ jar ]---------------------------------
2024-06-18 20:59:30,084 [main] [INFO] 
2024-06-18 20:59:30,084 [main] [INFO] --- clean:3.3.2:clean (default-clean) @ tracks-backend ---
2024-06-18 20:59:30,107 [main] [INFO] Deleting /Users/stefan/projects/tracks-backend/target
2024-06-18 20:59:30,122 [main] [INFO] 
2024-06-18 20:59:30,122 [main] [INFO] --- resources:3.3.1:resources (default-resources) @ tracks-backend ---
2024-06-18 20:59:30,175 [main] [INFO] Copying 1 resource from src/main/resources to target/classes
2024-06-18 20:59:30,184 [main] [INFO] Copying 1 resource from src/main/resources to target/classes
2024-06-18 20:59:30,186 [main] [INFO] 
2024-06-18 20:59:30,186 [main] [INFO] --- compiler:3.11.0:compile (default-compile) @ tracks-backend ---
2024-06-18 20:59:30,255 [main] [INFO] Nothing to compile - all classes are up to date
2024-06-18 20:59:30,255 [main] [INFO] 
2024-06-18 20:59:30,255 [main] [INFO] --- kotlin:1.9.23:compile (compile) @ tracks-backend ---
2024-06-18 20:59:30,422 [main] [INFO] Applied plugin: 'spring'
2024-06-18 20:59:39,858 [main] [INFO] 
2024-06-18 20:59:39,866 [main] [INFO] --- resources:3.3.1:testResources (default-testResources) @ tracks-backend ---
2024-06-18 20:59:39,918 [main] [INFO] Copying 3 resources from src/test/resources to target/test-classes
2024-06-18 20:59:39,918 [main] [INFO] 
2024-06-18 20:59:39,918 [main] [INFO] --- compiler:3.11.0:testCompile (default-testCompile) @ tracks-backend ---
2024-06-18 20:59:39,927 [main] [INFO] Changes detected - recompiling the module! :dependency
2024-06-18 20:59:39,938 [main] [INFO] 
2024-06-18 20:59:39,938 [main] [INFO] --- kotlin:1.9.23:test-compile (test-compile) @ tracks-backend ---
2024-06-18 20:59:39,961 [main] [INFO] Applied plugin: 'spring'
2024-06-18 20:59:40,996 [main] [INFO] 
2024-06-18 20:59:40,996 [main] [INFO] --- surefire:3.1.2:test (default-test) @ tracks-backend ---
2024-06-18 20:59:41,168 [main] [INFO] Using auto detected provider org.apache.maven.surefire.junitplatform.JUnitPlatformProvider
2024-06-18 20:59:41,242 [main] [INFO] 
2024-06-18 20:59:41,242 [main] [INFO] -------------------------------------------------------
2024-06-18 20:59:41,242 [main] [INFO]  T E S T S
2024-06-18 20:59:41,242 [main] [INFO] -------------------------------------------------------
2024-06-18 20:59:41,775 [ThreadedStreamConsumer] [INFO] Running de.sroeck.tracksbackend.TracksBackendApplicationTests
20:59:41.950 [main] INFO org.springframework.test.context.support.AnnotationConfigContextLoaderUtils -- Could not detect default configuration classes for test class [de.sroeck.tracksbackend.TracksBackendApplicationTests]: TracksBackendApplicationTests does not declare any static, non-private, non-final, nested classes annotated with @Configuration.
20:59:42.066 [main] INFO org.springframework.boot.test.context.SpringBootTestContextBootstrapper -- Found @SpringBootConfiguration de.sroeck.tracksbackend.TracksBackendApplication for test class de.sroeck.tracksbackend.TracksBackendApplicationTests
20:59:42.246 [main] INFO org.springframework.boot.devtools.restart.RestartApplicationListener -- Restart disabled due to context in which it is running

  .   ____          _            __ _ _
 /\\ / ___'_ __ _ _(_)_ __  __ _ \ \ \ \
( ( )\___ | '_ | '_| | '_ \/ _` | \ \ \ \
 \\/  ___)| |_)| | | | | || (_| |  ) ) ) )
  '  |____| .__|_| |_|_| |_\__, | / / / /
 =========|_|==============|___/=/_/_/_/
 :: Spring Boot ::                (v3.2.5)

2024-06-18T20:59:42.439+02:00  INFO 54805 --- [           main] d.s.t.TracksBackendApplicationTests      : Starting TracksBackendApplicationTests using Java 21.0.1 with PID 54805 (started by stefan in /Users/stefan/projects/tracks-backend)
2024-06-18T20:59:42.440+02:00  INFO 54805 --- [           main] d.s.t.TracksBackendApplicationTests      : No active profile set, falling back to 1 default profile: "default"
2024-06-18T20:59:43.152+02:00  INFO 54805 --- [           main] .s.d.r.c.RepositoryConfigurationDelegate : Bootstrapping Spring Data MongoDB repositories in DEFAULT mode.
2024-06-18T20:59:43.187+02:00  INFO 54805 --- [           main] .s.d.r.c.RepositoryConfigurationDelegate : Finished Spring Data repository scanning in 31 ms. Found 1 MongoDB repository interface.
2024-06-18T20:59:43.592+02:00  INFO 54805 --- [           main] org.mongodb.driver.client                : MongoClient with metadata {"driver": {"name": "mongo-java-driver|sync|spring-boot", "version": "4.11.2"}, "os": {"type": "Darwin", "name": "Mac OS X", "architecture": "aarch64", "version": "14.5"}, "platform": "Java/Eclipse Adoptium/21.0.1+12-LTS"} created with settings MongoClientSettings{readPreference=primary, writeConcern=WriteConcern{w=null, wTimeout=null ms, journal=null}, retryWrites=true, retryReads=true, readConcern=ReadConcern{level=null}, credential=MongoCredential{mechanism=null, userName='mongouser', source='tracksdb', password=<hidden>, mechanismProperties=<hidden>}, transportSettings=null, streamFactoryFactory=null, commandListeners=[], codecRegistry=ProvidersCodecRegistry{codecProviders=[ValueCodecProvider{}, BsonValueCodecProvider{}, DBRefCodecProvider{}, DBObjectCodecProvider{}, DocumentCodecProvider{}, CollectionCodecProvider{}, IterableCodecProvider{}, MapCodecProvider{}, GeoJsonCodecProvider{}, GridFSFileCodecProvider{}, Jsr310CodecProvider{}, JsonObjectCodecProvider{}, BsonCodecProvider{}, EnumCodecProvider{}, com.mongodb.client.model.mql.ExpressionCodecProvider@4ce25e47, com.mongodb.Jep395RecordCodecProvider@6380e9e9, com.mongodb.KotlinCodecProvider@350da119]}, loggerSettings=LoggerSettings{maxDocumentLength=1000}, clusterSettings={hosts=[localhost:27017], srvServiceName=mongodb, mode=SINGLE, requiredClusterType=UNKNOWN, requiredReplicaSetName='null', serverSelector='null', clusterListeners='[]', serverSelectionTimeout='30000 ms', localThreshold='15 ms'}, socketSettings=SocketSettings{connectTimeoutMS=10000, readTimeoutMS=0, receiveBufferSize=0, proxySettings=ProxySettings{host=null, port=null, username=null, password=null}}, heartbeatSocketSettings=SocketSettings{connectTimeoutMS=10000, readTimeoutMS=10000, receiveBufferSize=0, proxySettings=ProxySettings{host=null, port=null, username=null, password=null}}, connectionPoolSettings=ConnectionPoolSettings{maxSize=100, minSize=0, maxWaitTimeMS=120000, maxConnectionLifeTimeMS=0, maxConnectionIdleTimeMS=0, maintenanceInitialDelayMS=0, maintenanceFrequencyMS=60000, connectionPoolListeners=[], maxConnecting=2}, serverSettings=ServerSettings{heartbeatFrequencyMS=10000, minHeartbeatFrequencyMS=500, serverListeners='[]', serverMonitorListeners='[]'}, sslSettings=SslSettings{enabled=false, invalidHostNameAllowed=false, context=null}, applicationName='null', compressorList=[], uuidRepresentation=JAVA_LEGACY, serverApi=null, autoEncryptionSettings=null, dnsClient=null, inetAddressResolver=null, contextProvider=null}
2024-06-18T20:59:43.606+02:00  INFO 54805 --- [localhost:27017] org.mongodb.driver.cluster               : Exception in monitor thread while connecting to server localhost:27017

com.mongodb.MongoSocketOpenException: Exception opening socket
	at com.mongodb.internal.connection.SocketStream.lambda$open$0(SocketStream.java:84) ~[mongodb-driver-core-4.11.2.jar:na]
	at java.base/java.util.Optional.orElseThrow(Optional.java:403) ~[na:na]
	at com.mongodb.internal.connection.SocketStream.open(SocketStream.java:84) ~[mongodb-driver-core-4.11.2.jar:na]
	at com.mongodb.internal.connection.InternalStreamConnection.open(InternalStreamConnection.java:211) ~[mongodb-driver-core-4.11.2.jar:na]
	at com.mongodb.internal.connection.DefaultServerMonitor$ServerMonitorRunnable.lookupServerDescription(DefaultServerMonitor.java:193) ~[mongodb-driver-core-4.11.2.jar:na]
	at com.mongodb.internal.connection.DefaultServerMonitor$ServerMonitorRunnable.run(DefaultServerMonitor.java:153) ~[mongodb-driver-core-4.11.2.jar:na]
	at java.base/java.lang.Thread.run(Thread.java:1583) ~[na:na]
Caused by: java.net.ConnectException: Connection refused
	at java.base/sun.nio.ch.Net.pollConnect(Native Method) ~[na:na]
	at java.base/sun.nio.ch.Net.pollConnectNow(Net.java:682) ~[na:na]
	at java.base/sun.nio.ch.NioSocketImpl.timedFinishConnect(NioSocketImpl.java:542) ~[na:na]
	at java.base/sun.nio.ch.NioSocketImpl.connect(NioSocketImpl.java:592) ~[na:na]
	at java.base/java.net.SocksSocketImpl.connect(SocksSocketImpl.java:327) ~[na:na]
	at java.base/java.net.Socket.connect(Socket.java:751) ~[na:na]
	at com.mongodb.internal.connection.SocketStreamHelper.initialize(SocketStreamHelper.java:76) ~[mongodb-driver-core-4.11.2.jar:na]
	at com.mongodb.internal.connection.SocketStream.initializeSocket(SocketStream.java:104) ~[mongodb-driver-core-4.11.2.jar:na]
	at com.mongodb.internal.connection.SocketStream.open(SocketStream.java:78) ~[mongodb-driver-core-4.11.2.jar:na]
	... 4 common frames omitted

2024-06-18T20:59:45.064+02:00  INFO 54805 --- [           main] d.s.t.TracksBackendApplicationTests      : Started TracksBackendApplicationTests in 2.832 seconds (process running for 3.702)
2024-06-18 20:59:46,510 [ThreadedStreamConsumer] [INFO] Tests run: 1, Failures: 0, Errors: 0, Skipped: 0, Time elapsed: 4.407 s -- in de.sroeck.tracksbackend.TracksBackendApplicationTests
2024-06-18 20:59:46,512 [ThreadedStreamConsumer] [INFO] Running de.sroeck.tracksbackend.gpxreduce.GpxReduceServiceTest
2024-06-18 20:59:47,726 [ThreadedStreamConsumer] [INFO] Tests run: 1, Failures: 0, Errors: 0, Skipped: 0, Time elapsed: 1.502 s -- in de.sroeck.tracksbackend.gpxreduce.GpxReduceServiceTest
2024-06-18 20:59:47,727 [ThreadedStreamConsumer] [INFO] Running de.sroeck.tracksbackend.gpxreduce.GpxreduceKtTest
2024-06-18 20:59:47,755 [ThreadedStreamConsumer] [INFO] Tests run: 5, Failures: 0, Errors: 0, Skipped: 0, Time elapsed: 0.017 s -- in de.sroeck.tracksbackend.gpxreduce.GpxreduceKtTest
2024-06-18 20:59:47,755 [ThreadedStreamConsumer] [INFO] Running de.sroeck.tracksbackend.fit2gpx.ParseFitKtTest
2024-06-18 20:59:48,651 [ThreadedStreamConsumer] [INFO] Tests run: 2, Failures: 0, Errors: 0, Skipped: 0, Time elapsed: 0.914 s -- in de.sroeck.tracksbackend.fit2gpx.ParseFitKtTest
2024-06-18 20:59:48,771 [main] [INFO] 
2024-06-18 20:59:48,771 [main] [INFO] Results:
2024-06-18 20:59:48,771 [main] [INFO] 
2024-06-18 20:59:48,773 [main] [INFO] Tests run: 9, Failures: 0, Errors: 0, Skipped: 0
2024-06-18 20:59:48,773 [main] [INFO] 
2024-06-18 20:59:48,820 [main] [INFO] 
2024-06-18 20:59:48,820 [main] [INFO] --- jar:3.3.0:jar (default-jar) @ tracks-backend ---
2024-06-18 20:59:49,386 [main] [INFO] Building jar: /Users/stefan/projects/tracks-backend/target/tracks-backend-0.0.1-SNAPSHOT.jar
2024-06-18 20:59:49,474 [main] [INFO] 
2024-06-18 20:59:49,474 [main] [INFO] --- spring-boot:3.2.5:repackage (repackage) @ tracks-backend ---
2024-06-18 20:59:50,604 [main] [INFO] Replacing main artifact /Users/stefan/projects/tracks-backend/target/tracks-backend-0.0.1-SNAPSHOT.jar with repackaged archive, adding nested dependencies in BOOT-INF/.
2024-06-18 20:59:50,606 [main] [INFO] The original artifact has been renamed to /Users/stefan/projects/tracks-backend/target/tracks-backend-0.0.1-SNAPSHOT.jar.original
2024-06-18 20:59:50,608 [main] [INFO] 
2024-06-18 20:59:50,608 [main] [INFO] --- install:3.1.1:install (default-install) @ tracks-backend ---
2024-06-18 20:59:50,657 [main] [INFO] Installing /Users/stefan/projects/tracks-backend/pom.xml to /Users/stefan/.m2/repository/de/sroeck/tracks-backend/0.0.1-SNAPSHOT/tracks-backend-0.0.1-SNAPSHOT.pom
2024-06-18 20:59:50,662 [main] [INFO] Installing /Users/stefan/projects/tracks-backend/target/tracks-backend-0.0.1-SNAPSHOT.jar to /Users/stefan/.m2/repository/de/sroeck/tracks-backend/0.0.1-SNAPSHOT/tracks-backend-0.0.1-SNAPSHOT.jar
2024-06-18 20:59:50,726 [main] [INFO] ------------------------------------------------------------------------
2024-06-18 20:59:50,726 [main] [INFO] BUILD SUCCESS
2024-06-18 20:59:50,726 [main] [INFO] ------------------------------------------------------------------------
2024-06-18 20:59:50,728 [main] [INFO] Total time:  21.139 s
2024-06-18 20:59:50,728 [main] [INFO] Finished at: 2024-06-18T20:59:50+02:00
2024-06-18 20:59:50,728 [main] [INFO] ------------------------------------------------------------------------
